This is pdfTeX, Version 3.14159265-2.6-1.40.20 (TeX Live 2019) (preloaded format=pdflatex 2019.11.28)  19 FEB 2020 13:20
entering extended mode
 restricted \write18 enabled.
 %&-line parsing enabled.
**STCI.tex
(./STCI.tex
LaTeX2e <2018-12-01>
(/usr/local/texlive/2019/texmf-dist/tex/latex/base/book.cls
Document Class: book 2018/09/03 v1.4i Standard LaTeX document class
(/usr/local/texlive/2019/texmf-dist/tex/latex/base/bk10.clo
File: bk10.clo 2018/09/03 v1.4i Standard LaTeX file (size option)
)
\c@part=\count80
\c@chapter=\count81
\c@section=\count82
\c@subsection=\count83
\c@subsubsection=\count84
\c@paragraph=\count85
\c@subparagraph=\count86
\c@figure=\count87
\c@table=\count88
\abovecaptionskip=\skip41
\belowcaptionskip=\skip42
\bibindent=\dimen102
) (/usr/local/texlive/2019/texmf-dist/tex/latex/lm/lmodern.sty
Package: lmodern 2009/10/30 v1.6 Latin Modern Fonts
LaTeX Font Info:    Overwriting symbol font `operators' in version `normal'
(Font)                  OT1/cmr/m/n --> OT1/lmr/m/n on input line 22.
LaTeX Font Info:    Overwriting symbol font `letters' in version `normal'
(Font)                  OML/cmm/m/it --> OML/lmm/m/it on input line 23.
LaTeX Font Info:    Overwriting symbol font `symbols' in version `normal'
(Font)                  OMS/cmsy/m/n --> OMS/lmsy/m/n on input line 24.
LaTeX Font Info:    Overwriting symbol font `largesymbols' in version `normal'
(Font)                  OMX/cmex/m/n --> OMX/lmex/m/n on input line 25.
LaTeX Font Info:    Overwriting symbol font `operators' in version `bold'
(Font)                  OT1/cmr/bx/n --> OT1/lmr/bx/n on input line 26.
LaTeX Font Info:    Overwriting symbol font `letters' in version `bold'
(Font)                  OML/cmm/b/it --> OML/lmm/b/it on input line 27.
LaTeX Font Info:    Overwriting symbol font `symbols' in version `bold'
(Font)                  OMS/cmsy/b/n --> OMS/lmsy/b/n on input line 28.
LaTeX Font Info:    Overwriting symbol font `largesymbols' in version `bold'
(Font)                  OMX/cmex/m/n --> OMX/lmex/m/n on input line 29.
LaTeX Font Info:    Overwriting math alphabet `\mathbf' in version `normal'
(Font)                  OT1/cmr/bx/n --> OT1/lmr/bx/n on input line 31.
LaTeX Font Info:    Overwriting math alphabet `\mathsf' in version `normal'
(Font)                  OT1/cmss/m/n --> OT1/lmss/m/n on input line 32.
LaTeX Font Info:    Overwriting math alphabet `\mathit' in version `normal'
(Font)                  OT1/cmr/m/it --> OT1/lmr/m/it on input line 33.
LaTeX Font Info:    Overwriting math alphabet `\mathtt' in version `normal'
(Font)                  OT1/cmtt/m/n --> OT1/lmtt/m/n on input line 34.
LaTeX Font Info:    Overwriting math alphabet `\mathbf' in version `bold'
(Font)                  OT1/cmr/bx/n --> OT1/lmr/bx/n on input line 35.
LaTeX Font Info:    Overwriting math alphabet `\mathsf' in version `bold'
(Font)                  OT1/cmss/bx/n --> OT1/lmss/bx/n on input line 36.
LaTeX Font Info:    Overwriting math alphabet `\mathit' in version `bold'
(Font)                  OT1/cmr/bx/it --> OT1/lmr/bx/it on input line 37.
LaTeX Font Info:    Overwriting math alphabet `\mathtt' in version `bold'
(Font)                  OT1/cmtt/m/n --> OT1/lmtt/m/n on input line 38.
) (/usr/local/texlive/2019/texmf-dist/tex/latex/amsfonts/amssymb.sty
Package: amssymb 2013/01/14 v3.01 AMS font symbols
(/usr/local/texlive/2019/texmf-dist/tex/latex/amsfonts/amsfonts.sty
Package: amsfonts 2013/01/14 v3.01 Basic AMSFonts support
\@emptytoks=\toks14
\symAMSa=\mathgroup4
\symAMSb=\mathgroup5
LaTeX Font Info:    Overwriting math alphabet `\mathfrak' in version `bold'
(Font)                  U/euf/m/n --> U/euf/b/n on input line 106.
)) (/usr/local/texlive/2019/texmf-dist/tex/latex/amsmath/amsmath.sty
Package: amsmath 2018/12/01 v2.17b AMS math features
\@mathmargin=\skip43
For additional information on amsmath, use the `?' option.
(/usr/local/texlive/2019/texmf-dist/tex/latex/amsmath/amstext.sty
Package: amstext 2000/06/29 v2.01 AMS text
(/usr/local/texlive/2019/texmf-dist/tex/latex/amsmath/amsgen.sty
File: amsgen.sty 1999/11/30 v2.0 generic functions
\@emptytoks=\toks15
\ex@=\dimen103
)) (/usr/local/texlive/2019/texmf-dist/tex/latex/amsmath/amsbsy.sty
Package: amsbsy 1999/11/29 v1.2d Bold Symbols
\pmbraise@=\dimen104
) (/usr/local/texlive/2019/texmf-dist/tex/latex/amsmath/amsopn.sty
Package: amsopn 2016/03/08 v2.02 operator names
)
\inf@bad=\count89
LaTeX Info: Redefining \frac on input line 223.
\uproot@=\count90
\leftroot@=\count91
LaTeX Info: Redefining \overline on input line 385.
\classnum@=\count92
\DOTSCASE@=\count93
LaTeX Info: Redefining \ldots on input line 482.
LaTeX Info: Redefining \dots on input line 485.
LaTeX Info: Redefining \cdots on input line 606.
\Mathstrutbox@=\box27
\strutbox@=\box28
\big@size=\dimen105
LaTeX Font Info:    Redeclaring font encoding OML on input line 729.
LaTeX Font Info:    Redeclaring font encoding OMS on input line 730.
\macc@depth=\count94
\c@MaxMatrixCols=\count95
\dotsspace@=\muskip10
\c@parentequation=\count96
\dspbrk@lvl=\count97
\tag@help=\toks16
\row@=\count98
\column@=\count99
\maxfields@=\count100
\andhelp@=\toks17
\eqnshift@=\dimen106
\alignsep@=\dimen107
\tagshift@=\dimen108
\tagwidth@=\dimen109
\totwidth@=\dimen110
\lineht@=\dimen111
\@envbody=\toks18
\multlinegap=\skip44
\multlinetaggap=\skip45
\mathdisplay@stack=\toks19
LaTeX Info: Redefining \[ on input line 2844.
LaTeX Info: Redefining \] on input line 2845.
) (/usr/local/texlive/2019/texmf-dist/tex/generic/ifxetex/ifxetex.sty
Package: ifxetex 2010/09/12 v0.6 Provides ifxetex conditional
) (/usr/local/texlive/2019/texmf-dist/tex/generic/oberdiek/ifluatex.sty
Package: ifluatex 2016/05/16 v1.4 Provides the ifluatex switch (HO)
Package ifluatex Info: LuaTeX not detected.
) (/usr/local/texlive/2019/texmf-dist/tex/latex/base/fixltx2e.sty
Package: fixltx2e 2016/12/29 v2.1a fixes to LaTeX (obsolete)
Applying: [2015/01/01] Old fixltx2e package on input line 46.

Package fixltx2e Warning: fixltx2e is not required with releases after 2015
(fixltx2e)                All fixes are now in the LaTeX kernel.
(fixltx2e)                See the latexrelease package for details.

Already applied: [0000/00/00] Old fixltx2e package on input line 53.
) (/usr/local/texlive/2019/texmf-dist/tex/latex/base/fontenc.sty
Package: fontenc 2018/08/11 v2.0j Standard LaTeX package
(/usr/local/texlive/2019/texmf-dist/tex/latex/base/t1enc.def
File: t1enc.def 2018/08/11 v2.0j Standard LaTeX file
LaTeX Font Info:    Redeclaring font encoding T1 on input line 48.
)) (/usr/local/texlive/2019/texmf-dist/tex/latex/base/inputenc.sty
Package: inputenc 2018/08/11 v1.3c Input encoding file
\inpenc@prehook=\toks20
\inpenc@posthook=\toks21
) (/usr/local/texlive/2019/texmf-dist/tex/latex/base/textcomp.sty
Package: textcomp 2018/08/11 v2.0j Standard LaTeX package
Package textcomp Info: Sub-encoding information:
(textcomp)               5 = only ISO-Adobe without \textcurrency
(textcomp)               4 = 5 + \texteuro
(textcomp)               3 = 4 + \textohm
(textcomp)               2 = 3 + \textestimated + \textcurrency
(textcomp)               1 = TS1 - \textcircled - \t
(textcomp)               0 = TS1 (full)
(textcomp)             Font families with sub-encoding setting implement
(textcomp)             only a restricted character set as indicated.
(textcomp)             Family '?' is the default used for unknown fonts.
(textcomp)             See the documentation for details.
Package textcomp Info: Setting ? sub-encoding to TS1/1 on input line 79.
(/usr/local/texlive/2019/texmf-dist/tex/latex/base/ts1enc.def
File: ts1enc.def 2001/06/05 v3.0e (jk/car/fm) Standard LaTeX file
Now handling font encoding TS1 ...
... processing UTF-8 mapping file for font encoding TS1
(/usr/local/texlive/2019/texmf-dist/tex/latex/base/ts1enc.dfu
File: ts1enc.dfu 2018/10/05 v1.2f UTF-8 support for inputenc
   defining Unicode char U+00A2 (decimal 162)
   defining Unicode char U+00A3 (decimal 163)
   defining Unicode char U+00A4 (decimal 164)
   defining Unicode char U+00A5 (decimal 165)
   defining Unicode char U+00A6 (decimal 166)
   defining Unicode char U+00A7 (decimal 167)
   defining Unicode char U+00A8 (decimal 168)
   defining Unicode char U+00A9 (decimal 169)
   defining Unicode char U+00AA (decimal 170)
   defining Unicode char U+00AC (decimal 172)
   defining Unicode char U+00AE (decimal 174)
   defining Unicode char U+00AF (decimal 175)
   defining Unicode char U+00B0 (decimal 176)
   defining Unicode char U+00B1 (decimal 177)
   defining Unicode char U+00B2 (decimal 178)
   defining Unicode char U+00B3 (decimal 179)
   defining Unicode char U+00B4 (decimal 180)
   defining Unicode char U+00B5 (decimal 181)
   defining Unicode char U+00B6 (decimal 182)
   defining Unicode char U+00B7 (decimal 183)
   defining Unicode char U+00B9 (decimal 185)
   defining Unicode char U+00BA (decimal 186)
   defining Unicode char U+00BC (decimal 188)
   defining Unicode char U+00BD (decimal 189)
   defining Unicode char U+00BE (decimal 190)
   defining Unicode char U+00D7 (decimal 215)
   defining Unicode char U+00F7 (decimal 247)
   defining Unicode char U+0192 (decimal 402)
   defining Unicode char U+02C7 (decimal 711)
   defining Unicode char U+02D8 (decimal 728)
   defining Unicode char U+02DD (decimal 733)
   defining Unicode char U+0E3F (decimal 3647)
   defining Unicode char U+2016 (decimal 8214)
   defining Unicode char U+2020 (decimal 8224)
   defining Unicode char U+2021 (decimal 8225)
   defining Unicode char U+2022 (decimal 8226)
   defining Unicode char U+2030 (decimal 8240)
   defining Unicode char U+2031 (decimal 8241)
   defining Unicode char U+203B (decimal 8251)
   defining Unicode char U+203D (decimal 8253)
   defining Unicode char U+2044 (decimal 8260)
   defining Unicode char U+204E (decimal 8270)
   defining Unicode char U+2052 (decimal 8274)
   defining Unicode char U+20A1 (decimal 8353)
   defining Unicode char U+20A4 (decimal 8356)
   defining Unicode char U+20A6 (decimal 8358)
   defining Unicode char U+20A9 (decimal 8361)
   defining Unicode char U+20AB (decimal 8363)
   defining Unicode char U+20AC (decimal 8364)
   defining Unicode char U+20B1 (decimal 8369)
   defining Unicode char U+2103 (decimal 8451)
   defining Unicode char U+2116 (decimal 8470)
   defining Unicode char U+2117 (decimal 8471)
   defining Unicode char U+211E (decimal 8478)
   defining Unicode char U+2120 (decimal 8480)
   defining Unicode char U+2122 (decimal 8482)
   defining Unicode char U+2126 (decimal 8486)
   defining Unicode char U+2127 (decimal 8487)
   defining Unicode char U+212E (decimal 8494)
   defining Unicode char U+2190 (decimal 8592)
   defining Unicode char U+2191 (decimal 8593)
   defining Unicode char U+2192 (decimal 8594)
   defining Unicode char U+2193 (decimal 8595)
   defining Unicode char U+2329 (decimal 9001)
   defining Unicode char U+232A (decimal 9002)
   defining Unicode char U+2422 (decimal 9250)
   defining Unicode char U+25E6 (decimal 9702)
   defining Unicode char U+25EF (decimal 9711)
   defining Unicode char U+266A (decimal 9834)
   defining Unicode char U+FEFF (decimal 65279)
))
LaTeX Info: Redefining \oldstylenums on input line 334.
Package textcomp Info: Setting cmr sub-encoding to TS1/0 on input line 349.
Package textcomp Info: Setting cmss sub-encoding to TS1/0 on input line 350.
Package textcomp Info: Setting cmtt sub-encoding to TS1/0 on input line 351.
Package textcomp Info: Setting cmvtt sub-encoding to TS1/0 on input line 352.
Package textcomp Info: Setting cmbr sub-encoding to TS1/0 on input line 353.
Package textcomp Info: Setting cmtl sub-encoding to TS1/0 on input line 354.
Package textcomp Info: Setting ccr sub-encoding to TS1/0 on input line 355.
Package textcomp Info: Setting ptm sub-encoding to TS1/4 on input line 356.
Package textcomp Info: Setting pcr sub-encoding to TS1/4 on input line 357.
Package textcomp Info: Setting phv sub-encoding to TS1/4 on input line 358.
Package textcomp Info: Setting ppl sub-encoding to TS1/3 on input line 359.
Package textcomp Info: Setting pag sub-encoding to TS1/4 on input line 360.
Package textcomp Info: Setting pbk sub-encoding to TS1/4 on input line 361.
Package textcomp Info: Setting pnc sub-encoding to TS1/4 on input line 362.
Package textcomp Info: Setting pzc sub-encoding to TS1/4 on input line 363.
Package textcomp Info: Setting bch sub-encoding to TS1/4 on input line 364.
Package textcomp Info: Setting put sub-encoding to TS1/5 on input line 365.
Package textcomp Info: Setting uag sub-encoding to TS1/5 on input line 366.
Package textcomp Info: Setting ugq sub-encoding to TS1/5 on input line 367.
Package textcomp Info: Setting ul8 sub-encoding to TS1/4 on input line 368.
Package textcomp Info: Setting ul9 sub-encoding to TS1/4 on input line 369.
Package textcomp Info: Setting augie sub-encoding to TS1/5 on input line 370.
Package textcomp Info: Setting dayrom sub-encoding to TS1/3 on input line 371.
Package textcomp Info: Setting dayroms sub-encoding to TS1/3 on input line 372.

Package textcomp Info: Setting pxr sub-encoding to TS1/0 on input line 373.
Package textcomp Info: Setting pxss sub-encoding to TS1/0 on input line 374.
Package textcomp Info: Setting pxtt sub-encoding to TS1/0 on input line 375.
Package textcomp Info: Setting txr sub-encoding to TS1/0 on input line 376.
Package textcomp Info: Setting txss sub-encoding to TS1/0 on input line 377.
Package textcomp Info: Setting txtt sub-encoding to TS1/0 on input line 378.
Package textcomp Info: Setting lmr sub-encoding to TS1/0 on input line 379.
Package textcomp Info: Setting lmdh sub-encoding to TS1/0 on input line 380.
Package textcomp Info: Setting lmss sub-encoding to TS1/0 on input line 381.
Package textcomp Info: Setting lmssq sub-encoding to TS1/0 on input line 382.
Package textcomp Info: Setting lmvtt sub-encoding to TS1/0 on input line 383.
Package textcomp Info: Setting lmtt sub-encoding to TS1/0 on input line 384.
Package textcomp Info: Setting qhv sub-encoding to TS1/0 on input line 385.
Package textcomp Info: Setting qag sub-encoding to TS1/0 on input line 386.
Package textcomp Info: Setting qbk sub-encoding to TS1/0 on input line 387.
Package textcomp Info: Setting qcr sub-encoding to TS1/0 on input line 388.
Package textcomp Info: Setting qcs sub-encoding to TS1/0 on input line 389.
Package textcomp Info: Setting qpl sub-encoding to TS1/0 on input line 390.
Package textcomp Info: Setting qtm sub-encoding to TS1/0 on input line 391.
Package textcomp Info: Setting qzc sub-encoding to TS1/0 on input line 392.
Package textcomp Info: Setting qhvc sub-encoding to TS1/0 on input line 393.
Package textcomp Info: Setting futs sub-encoding to TS1/4 on input line 394.
Package textcomp Info: Setting futx sub-encoding to TS1/4 on input line 395.
Package textcomp Info: Setting futj sub-encoding to TS1/4 on input line 396.
Package textcomp Info: Setting hlh sub-encoding to TS1/3 on input line 397.
Package textcomp Info: Setting hls sub-encoding to TS1/3 on input line 398.
Package textcomp Info: Setting hlst sub-encoding to TS1/3 on input line 399.
Package textcomp Info: Setting hlct sub-encoding to TS1/5 on input line 400.
Package textcomp Info: Setting hlx sub-encoding to TS1/5 on input line 401.
Package textcomp Info: Setting hlce sub-encoding to TS1/5 on input line 402.
Package textcomp Info: Setting hlcn sub-encoding to TS1/5 on input line 403.
Package textcomp Info: Setting hlcw sub-encoding to TS1/5 on input line 404.
Package textcomp Info: Setting hlcf sub-encoding to TS1/5 on input line 405.
Package textcomp Info: Setting pplx sub-encoding to TS1/3 on input line 406.
Package textcomp Info: Setting pplj sub-encoding to TS1/3 on input line 407.
Package textcomp Info: Setting ptmx sub-encoding to TS1/4 on input line 408.
Package textcomp Info: Setting ptmj sub-encoding to TS1/4 on input line 409.
) (/usr/local/texlive/2019/texmf-dist/tex/latex/upquote/upquote.sty
Package: upquote 2012/04/19 v1.3 upright-quote and grave-accent glyphs in verba
tim
) (/usr/local/texlive/2019/texmf-dist/tex/latex/microtype/microtype.sty
Package: microtype 2019/02/28 v2.7b Micro-typographical refinements (RS)
(/usr/local/texlive/2019/texmf-dist/tex/latex/graphics/keyval.sty
Package: keyval 2014/10/28 v1.15 key=value parser (DPC)
\KV@toks@=\toks22
)
\MT@toks=\toks23
\MT@count=\count101
LaTeX Info: Redefining \textls on input line 790.
\MT@outer@kern=\dimen112
LaTeX Info: Redefining \textmicrotypecontext on input line 1336.
\MT@listname@count=\count102
(/usr/local/texlive/2019/texmf-dist/tex/latex/microtype/microtype-pdftex.def
File: microtype-pdftex.def 2019/02/28 v2.7b Definitions specific to pdftex (RS)

LaTeX Info: Redefining \lsstyle on input line 914.
LaTeX Info: Redefining \lslig on input line 914.
\MT@outer@space=\skip46
)
Package microtype Info: Loading configuration file microtype.cfg.
(/usr/local/texlive/2019/texmf-dist/tex/latex/microtype/microtype.cfg
File: microtype.cfg 2019/02/28 v2.7b microtype main configuration file (RS)
)) (/usr/local/texlive/2019/texmf-dist/tex/latex/parskip/parskip.sty
Package: parskip 2019-01-16 v2.0c non-zero parskip adjustments
(/usr/local/texlive/2019/texmf-dist/tex/latex/oberdiek/kvoptions.sty
Package: kvoptions 2016/05/16 v3.12 Key value format for package options (HO)
(/usr/local/texlive/2019/texmf-dist/tex/generic/oberdiek/ltxcmds.sty
Package: ltxcmds 2016/05/16 v1.23 LaTeX kernel commands for general use (HO)
) (/usr/local/texlive/2019/texmf-dist/tex/generic/oberdiek/kvsetkeys.sty
Package: kvsetkeys 2016/05/16 v1.17 Key value parser (HO)
(/usr/local/texlive/2019/texmf-dist/tex/generic/oberdiek/infwarerr.sty
Package: infwarerr 2016/05/16 v1.4 Providing info/warning/error messages (HO)
) (/usr/local/texlive/2019/texmf-dist/tex/generic/oberdiek/etexcmds.sty
Package: etexcmds 2016/05/16 v1.6 Avoid name clashes with e-TeX commands (HO)
))) (/usr/local/texlive/2019/texmf-dist/tex/latex/etoolbox/etoolbox.sty
Package: etoolbox 2018/08/19 v2.5f e-TeX tools for LaTeX (JAW)
\etb@tempcnta=\count103
)) (/usr/local/texlive/2019/texmf-dist/tex/latex/hyperref/hyperref.sty
Package: hyperref 2018/11/30 v6.88e Hypertext links for LaTeX
(/usr/local/texlive/2019/texmf-dist/tex/generic/oberdiek/hobsub-hyperref.sty
Package: hobsub-hyperref 2016/05/16 v1.14 Bundle oberdiek, subset hyperref (HO)

(/usr/local/texlive/2019/texmf-dist/tex/generic/oberdiek/hobsub-generic.sty
Package: hobsub-generic 2016/05/16 v1.14 Bundle oberdiek, subset generic (HO)
Package: hobsub 2016/05/16 v1.14 Construct package bundles (HO)
Package hobsub Info: Skipping package `infwarerr' (already loaded).
Package hobsub Info: Skipping package `ltxcmds' (already loaded).
Package hobsub Info: Skipping package `ifluatex' (already loaded).
Package: ifvtex 2016/05/16 v1.6 Detect VTeX and its facilities (HO)
Package ifvtex Info: VTeX not detected.
Package: intcalc 2016/05/16 v1.2 Expandable calculations with integers (HO)
Package: ifpdf 2018/09/07 v3.3 Provides the ifpdf switch
Package hobsub Info: Skipping package `etexcmds' (already loaded).
Package hobsub Info: Skipping package `kvsetkeys' (already loaded).
Package: kvdefinekeys 2016/05/16 v1.4 Define keys (HO)
Package: pdftexcmds 2018/09/10 v0.29 Utility functions of pdfTeX for LuaTeX (HO
)
Package pdftexcmds Info: LuaTeX not detected.
Package pdftexcmds Info: \pdf@primitive is available.
Package pdftexcmds Info: \pdf@ifprimitive is available.
Package pdftexcmds Info: \pdfdraftmode found.
Package: pdfescape 2016/05/16 v1.14 Implements pdfTeX's escape features (HO)
Package: bigintcalc 2016/05/16 v1.4 Expandable calculations on big integers (HO
)
Package: bitset 2016/05/16 v1.2 Handle bit-vector datatype (HO)
Package: uniquecounter 2016/05/16 v1.3 Provide unlimited unique counter (HO)
)
Package hobsub Info: Skipping package `hobsub' (already loaded).
Package: letltxmacro 2016/05/16 v1.5 Let assignment for LaTeX macros (HO)
Package: hopatch 2016/05/16 v1.3 Wrapper for package hooks (HO)
Package: xcolor-patch 2016/05/16 xcolor patch
Package: atveryend 2016/05/16 v1.9 Hooks at the very end of document (HO)
Package: atbegshi 2016/06/09 v1.18 At begin shipout hook (HO)
Package: refcount 2016/05/16 v3.5 Data extraction from label references (HO)
Package: hycolor 2016/05/16 v1.8 Color options for hyperref/bookmark (HO)
) (/usr/local/texlive/2019/texmf-dist/tex/latex/oberdiek/auxhook.sty
Package: auxhook 2016/05/16 v1.4 Hooks for auxiliary files (HO)
)
\@linkdim=\dimen113
\Hy@linkcounter=\count104
\Hy@pagecounter=\count105
(/usr/local/texlive/2019/texmf-dist/tex/latex/hyperref/pd1enc.def
File: pd1enc.def 2018/11/30 v6.88e Hyperref: PDFDocEncoding definition (HO)
Now handling font encoding PD1 ...
... no UTF-8 mapping file for font encoding PD1
)
\Hy@SavedSpaceFactor=\count106
(/usr/local/texlive/2019/texmf-dist/tex/latex/latexconfig/hyperref.cfg
File: hyperref.cfg 2002/06/06 v1.2 hyperref configuration of TeXLive
)
Package hyperref Info: Option `unicode' set `true' on input line 4393.
(/usr/local/texlive/2019/texmf-dist/tex/latex/hyperref/puenc.def
File: puenc.def 2018/11/30 v6.88e Hyperref: PDF Unicode definition (HO)
Now handling font encoding PU ...
... no UTF-8 mapping file for font encoding PU
)
Package hyperref Info: Hyper figures OFF on input line 4519.
Package hyperref Info: Link nesting OFF on input line 4524.
Package hyperref Info: Hyper index ON on input line 4527.
Package hyperref Info: Plain pages OFF on input line 4534.
Package hyperref Info: Backreferencing OFF on input line 4539.
Package hyperref Info: Implicit mode ON; LaTeX internals redefined.
Package hyperref Info: Bookmarks ON on input line 4772.
\c@Hy@tempcnt=\count107
(/usr/local/texlive/2019/texmf-dist/tex/latex/url/url.sty
\Urlmuskip=\muskip11
Package: url 2013/09/16  ver 3.4  Verb mode for urls, etc.
)
LaTeX Info: Redefining \url on input line 5125.
\XeTeXLinkMargin=\dimen114
\Fld@menulength=\count108
\Field@Width=\dimen115
\Fld@charsize=\dimen116
Package hyperref Info: Hyper figures OFF on input line 6380.
Package hyperref Info: Link nesting OFF on input line 6385.
Package hyperref Info: Hyper index ON on input line 6388.
Package hyperref Info: backreferencing OFF on input line 6395.
Package hyperref Info: Link coloring OFF on input line 6400.
Package hyperref Info: Link coloring with OCG OFF on input line 6405.
Package hyperref Info: PDF/A mode OFF on input line 6410.
LaTeX Info: Redefining \ref on input line 6450.
LaTeX Info: Redefining \pageref on input line 6454.
\Hy@abspage=\count109
\c@Item=\count110
\c@Hfootnote=\count111
)
Package hyperref Info: Driver (autodetected): hpdftex.
(/usr/local/texlive/2019/texmf-dist/tex/latex/hyperref/hpdftex.def
File: hpdftex.def 2018/11/30 v6.88e Hyperref driver for pdfTeX
\Fld@listcount=\count112
\c@bookmark@seq@number=\count113
(/usr/local/texlive/2019/texmf-dist/tex/latex/oberdiek/rerunfilecheck.sty
Package: rerunfilecheck 2016/05/16 v1.8 Rerun checks for auxiliary files (HO)
Package uniquecounter Info: New unique counter `rerunfilecheck' on input line 2
82.
)
\Hy@SectionHShift=\skip47
)
Package hyperref Info: Option `breaklinks' set `true' on input line 35.
(/usr/local/texlive/2019/texmf-dist/tex/latex/graphics/color.sty
Package: color 2016/07/10 v1.1e Standard LaTeX Color (DPC)
(/usr/local/texlive/2019/texmf-dist/tex/latex/graphics-cfg/color.cfg
File: color.cfg 2016/01/02 v1.6 sample color configuration
)
Package color Info: Driver file: pdftex.def on input line 147.
(/usr/local/texlive/2019/texmf-dist/tex/latex/graphics-def/pdftex.def
File: pdftex.def 2018/01/08 v1.0l Graphics/color driver for pdftex
)) (/usr/local/texlive/2019/texmf-dist/tex/latex/fancyvrb/fancyvrb.sty
Package: fancyvrb 2019/01/15
Style option: `fancyvrb' v3.2a <2019/01/15> (tvz)
\FV@CodeLineNo=\count114
\FV@InFile=\read1
\FV@TabBox=\box29
\c@FancyVerbLine=\count115
\FV@StepNumber=\count116
\FV@OutFile=\write3
) (/usr/local/texlive/2019/texmf-dist/tex/latex/framed/framed.sty
Package: framed 2011/10/22 v 0.96: framed or shaded text with page breaks
\OuterFrameSep=\skip48
\fb@frw=\dimen117
\fb@frh=\dimen118
\FrameRule=\dimen119
\FrameSep=\dimen120
) (/usr/local/texlive/2019/texmf-dist/tex/latex/tools/longtable.sty
Package: longtable 2014/10/28 v4.11 Multi-page Table package (DPC)+ FMi change
\LTleft=\skip49
\LTright=\skip50
\LTpre=\skip51
\LTpost=\skip52
\LTchunksize=\count117
\LTcapwidth=\dimen121
\LT@head=\box30
\LT@firsthead=\box31
\LT@foot=\box32
\LT@lastfoot=\box33
\LT@cols=\count118
\LT@rows=\count119
\c@LT@tables=\count120
\c@LT@chunks=\count121
\LT@p@ftn=\toks24
) (/usr/local/texlive/2019/texmf-dist/tex/latex/booktabs/booktabs.sty
Package: booktabs 2016/04/27 v1.618033 publication quality tables
\heavyrulewidth=\dimen122
\lightrulewidth=\dimen123
\cmidrulewidth=\dimen124
\belowrulesep=\dimen125
\belowbottomsep=\dimen126
\aboverulesep=\dimen127
\abovetopsep=\dimen128
\cmidrulesep=\dimen129
\cmidrulekern=\dimen130
\defaultaddspace=\dimen131
\@cmidla=\count122
\@cmidlb=\count123
\@aboverulesep=\dimen132
\@belowrulesep=\dimen133
\@thisruleclass=\count124
\@lastruleclass=\count125
\@thisrulewidth=\dimen134
) (/usr/local/texlive/2019/texmf-dist/tex/latex/mdwtools/footnote.sty
Package: footnote 1997/01/28 1.13 Save footnotes around boxes
\fn@notes=\box34
\fn@width=\dimen135
) (/usr/local/texlive/2019/texmf-dist/tex/latex/graphics/graphicx.sty
Package: graphicx 2017/06/01 v1.1a Enhanced LaTeX Graphics (DPC,SPQR)
(/usr/local/texlive/2019/texmf-dist/tex/latex/graphics/graphics.sty
Package: graphics 2017/06/25 v1.2c Standard LaTeX Graphics (DPC,SPQR)
(/usr/local/texlive/2019/texmf-dist/tex/latex/graphics/trig.sty
Package: trig 2016/01/03 v1.10 sin cos tan (DPC)
) (/usr/local/texlive/2019/texmf-dist/tex/latex/graphics-cfg/graphics.cfg
File: graphics.cfg 2016/06/04 v1.11 sample graphics configuration
)
Package graphics Info: Driver file: pdftex.def on input line 99.
)
\Gin@req@height=\dimen136
\Gin@req@width=\dimen137
) (/usr/local/texlive/2019/texmf-dist/tex/latex/oberdiek/grffile.sty
Package: grffile 2017/06/30 v1.18 Extended file name support for graphics (HO)
Package grffile Info: Option `multidot' is set to `true'.
Package grffile Info: Option `extendedchars' is set to `false'.
Package grffile Info: Option `space' is set to `true'.
Package grffile Info: \Gin@ii of package `graphicx' fixed on input line 494.
) (/usr/local/texlive/2019/texmf-dist/tex/latex/doublestroke/dsfont.sty
Package: dsfont 1995/08/01 v0.1 Double stroke roman fonts
) (/usr/local/texlive/2019/texmf-dist/tex/latex/subfig/subfig.sty
Package: subfig 2005/06/28 ver: 1.3 subfig package
(/usr/local/texlive/2019/texmf-dist/tex/latex/caption/caption.sty
Package: caption 2018/10/06 v3.3-154 Customizing captions (AR)
(/usr/local/texlive/2019/texmf-dist/tex/latex/caption/caption3.sty
Package: caption3 2018/09/12 v1.8c caption3 kernel (AR)
Package caption3 Info: TeX engine: e-TeX on input line 64.
\captionmargin=\dimen138
\captionmargin@=\dimen139
\captionwidth=\dimen140
\caption@tempdima=\dimen141
\caption@indent=\dimen142
\caption@parindent=\dimen143
\caption@hangindent=\dimen144
)
\c@caption@flags=\count126
\c@ContinuedFloat=\count127
Package caption Info: hyperref package is loaded.
Package caption Info: longtable package is loaded.
(/usr/local/texlive/2019/texmf-dist/tex/latex/caption/ltcaption.sty
Package: ltcaption 2018/08/26 v1.4-95 longtable captions (AR)
))
\c@KVtest=\count128
\sf@farskip=\skip53
\sf@captopadj=\dimen145
\sf@capskip=\skip54
\sf@nearskip=\skip55
\c@subfigure=\count129
\c@subfigure@save=\count130
\c@lofdepth=\count131
\c@subtable=\count132
\c@subtable@save=\count133
\c@lotdepth=\count134
\sf@top=\skip56
\sf@bottom=\skip57
) (/usr/local/texlive/2019/texmf-dist/tex/latex/amscls/amsthm.sty
Package: amsthm 2017/10/31 v2.20.4
\thm@style=\toks25
\thm@bodyfont=\toks26
\thm@headfont=\toks27
\thm@notefont=\toks28
\thm@headpunct=\toks29
\thm@preskip=\skip58
\thm@postskip=\skip59
\thm@headsep=\skip60
\dth@everypar=\toks30
)
\c@theorem=\count135
\c@lemma=\count136
\c@corollary=\count137
\c@proposition=\count138
\c@conjecture=\count139
\c@definition=\count140
\c@example=\count141
\c@exercise=\count142
(./STCI.aux)
\openout1 = `STCI.aux'.

LaTeX Font Info:    Checking defaults for OML/cmm/m/it on input line 143.
LaTeX Font Info:    ... okay on input line 143.
LaTeX Font Info:    Checking defaults for T1/cmr/m/n on input line 143.
LaTeX Font Info:    ... okay on input line 143.
LaTeX Font Info:    Checking defaults for OT1/cmr/m/n on input line 143.
LaTeX Font Info:    ... okay on input line 143.
LaTeX Font Info:    Checking defaults for OMS/cmsy/m/n on input line 143.
LaTeX Font Info:    ... okay on input line 143.
LaTeX Font Info:    Checking defaults for OMX/cmex/m/n on input line 143.
LaTeX Font Info:    ... okay on input line 143.
LaTeX Font Info:    Checking defaults for U/cmr/m/n on input line 143.
LaTeX Font Info:    ... okay on input line 143.
LaTeX Font Info:    Checking defaults for TS1/cmr/m/n on input line 143.
LaTeX Font Info:    Try loading font information for TS1+cmr on input line 143.

(/usr/local/texlive/2019/texmf-dist/tex/latex/base/ts1cmr.fd
File: ts1cmr.fd 2014/09/29 v2.5h Standard LaTeX font definitions
)
LaTeX Font Info:    ... okay on input line 143.
LaTeX Font Info:    Checking defaults for PD1/pdf/m/n on input line 143.
LaTeX Font Info:    ... okay on input line 143.
LaTeX Font Info:    Checking defaults for PU/pdf/m/n on input line 143.
LaTeX Font Info:    ... okay on input line 143.
LaTeX Font Info:    Try loading font information for T1+lmr on input line 143.
(/usr/local/texlive/2019/texmf-dist/tex/latex/lm/t1lmr.fd
File: t1lmr.fd 2009/10/30 v1.6 Font defs for Latin Modern
)
LaTeX Info: Redefining \microtypecontext on input line 143.
Package microtype Info: Generating PDF output.
Package microtype Info: Character protrusion enabled (level 2).
Package microtype Info: Using protrusion set `basicmath'.
Package microtype Info: Automatic font expansion enabled (level 2),
(microtype)             stretch: 20, shrink: 20, step: 1, non-selected.
Package microtype Info: Using default expansion set `basictext'.
Package microtype Info: No adjustment of tracking.
Package microtype Info: No adjustment of interword spacing.
Package microtype Info: No adjustment of character kerning.
(/usr/local/texlive/2019/texmf-dist/tex/latex/microtype/mt-cmr.cfg
File: mt-cmr.cfg 2013/05/19 v2.2 microtype config. file: Computer Modern Roman 
(RS)
)
\AtBeginShipoutBox=\box35
Package hyperref Info: Link coloring OFF on input line 143.
(/usr/local/texlive/2019/texmf-dist/tex/latex/hyperref/nameref.sty
Package: nameref 2016/05/21 v2.44 Cross-referencing by name of section
(/usr/local/texlive/2019/texmf-dist/tex/generic/oberdiek/gettitlestring.sty
Package: gettitlestring 2016/05/16 v1.5 Cleanup title references (HO)
)
\c@section@level=\count143
)
LaTeX Info: Redefining \ref on input line 143.
LaTeX Info: Redefining \pageref on input line 143.
LaTeX Info: Redefining \nameref on input line 143.
(./STCI.out) (./STCI.out)
\@outlinefile=\write4
\openout4 = `STCI.out'.

(/usr/local/texlive/2019/texmf-dist/tex/context/base/mkii/supp-pdf.mkii
[Loading MPS to PDF converter (version 2006.09.02).]
\scratchcounter=\count144
\scratchdimen=\dimen146
\scratchbox=\box36
\nofMPsegments=\count145
\nofMParguments=\count146
\everyMPshowfont=\toks31
\MPscratchCnt=\count147
\MPscratchDim=\dimen147
\MPnumerator=\count148
\makeMPintoPDFobject=\count149
\everyMPtoPDFconversion=\toks32
) (/usr/local/texlive/2019/texmf-dist/tex/latex/oberdiek/epstopdf-base.sty
Package: epstopdf-base 2016/05/15 v2.6 Base part for package epstopdf
(/usr/local/texlive/2019/texmf-dist/tex/latex/oberdiek/grfext.sty
Package: grfext 2016/05/16 v1.2 Manage graphics extensions (HO)
)
Package epstopdf-base Info: Redefining graphics rule for `.eps' on input line 4
38.
Package grfext Info: Graphics extension search list:
(grfext)             [.pdf,.png,.jpg,.mps,.jpeg,.jbig2,.jb2,.PDF,.PNG,.JPG,.JPE
G,.JBIG2,.JB2,.eps]
(grfext)             \AppendGraphicsExtensions on input line 456.
(/usr/local/texlive/2019/texmf-dist/tex/latex/latexconfig/epstopdf-sys.cfg
File: epstopdf-sys.cfg 2010/07/13 v1.3 Configuration of (r)epstopdf for TeX Liv
e
))
Package caption Info: Begin \AtBeginDocument code.
Package caption Info: subfig package v1.3 is loaded.
Package caption Info: End \AtBeginDocument code.
LaTeX Font Info:    Try loading font information for OT1+lmr on input line 145.

(/usr/local/texlive/2019/texmf-dist/tex/latex/lm/ot1lmr.fd
File: ot1lmr.fd 2009/10/30 v1.6 Font defs for Latin Modern
)
LaTeX Font Info:    Try loading font information for OML+lmm on input line 145.

(/usr/local/texlive/2019/texmf-dist/tex/latex/lm/omllmm.fd
File: omllmm.fd 2009/10/30 v1.6 Font defs for Latin Modern
)
LaTeX Font Info:    Try loading font information for OMS+lmsy on input line 145
.
(/usr/local/texlive/2019/texmf-dist/tex/latex/lm/omslmsy.fd
File: omslmsy.fd 2009/10/30 v1.6 Font defs for Latin Modern
)
LaTeX Font Info:    Try loading font information for OMX+lmex on input line 145
.
(/usr/local/texlive/2019/texmf-dist/tex/latex/lm/omxlmex.fd
File: omxlmex.fd 2009/10/30 v1.6 Font defs for Latin Modern
)
LaTeX Font Info:    External font `lmex10' loaded for size
(Font)              <12> on input line 145.
LaTeX Font Info:    External font `lmex10' loaded for size
(Font)              <8> on input line 145.
LaTeX Font Info:    External font `lmex10' loaded for size
(Font)              <6> on input line 145.
LaTeX Font Info:    Try loading font information for U+msa on input line 145.
(/usr/local/texlive/2019/texmf-dist/tex/latex/amsfonts/umsa.fd
File: umsa.fd 2013/01/14 v3.01 AMS symbols A
) (/usr/local/texlive/2019/texmf-dist/tex/latex/microtype/mt-msa.cfg
File: mt-msa.cfg 2006/02/04 v1.1 microtype config. file: AMS symbols (a) (RS)
)
LaTeX Font Info:    Try loading font information for U+msb on input line 145.
(/usr/local/texlive/2019/texmf-dist/tex/latex/amsfonts/umsb.fd
File: umsb.fd 2013/01/14 v3.01 AMS symbols B
) (/usr/local/texlive/2019/texmf-dist/tex/latex/microtype/mt-msb.cfg
File: mt-msb.cfg 2005/06/01 v1.0 microtype config. file: AMS symbols (b) (RS)
) [1


{/usr/local/texlive/2019/texmf-var/fonts/map/pdftex/updmap/pdftex.map}] [2

] (./STCI.toc [3])
\tf@toc=\write5
\openout5 = `STCI.toc'.

[4]
LaTeX Font Info:    Try loading font information for TS1+lmr on input line 162.

(/usr/local/texlive/2019/texmf-dist/tex/latex/lm/ts1lmr.fd
File: ts1lmr.fd 2009/10/30 v1.6 Font defs for Latin Modern
) [5

] [6

] [7] [8]
LaTeX Font Info:    External font `lmex10' loaded for size
(Font)              <10> on input line 196.
LaTeX Font Info:    External font `lmex10' loaded for size
(Font)              <7> on input line 196.
LaTeX Font Info:    External font `lmex10' loaded for size
(Font)              <5> on input line 196.
[9

] [10

]
Chapter 1.
[11] [12]
LaTeX Font Info:    Try loading font information for U+dsrom on input line 281.

(/usr/local/texlive/2019/texmf-dist/tex/latex/doublestroke/Udsrom.fd
File: Udsrom.fd 1995/08/01 v0.1 Double stroke roman font definitions
)
LaTeX Font Info:    Try loading font information for T1+lmtt on input line 292.

(/usr/local/texlive/2019/texmf-dist/tex/latex/lm/t1lmtt.fd
File: t1lmtt.fd 2009/10/30 v1.6 Font defs for Latin Modern
)
LaTeX Font Info:    Font shape `T1/lmtt/bx/n' in size <10> not available
(Font)              Font shape `T1/lmtt/b/n' tried instead on input line 293.
[13]
<STCI_files/figure-latex/histyb-1.pdf, id=199, 435.6275pt x 249.93375pt>
File: STCI_files/figure-latex/histyb-1.pdf Graphic file (type pdf)
<use STCI_files/figure-latex/histyb-1.pdf>
Package pdftex.def Info: STCI_files/figure-latex/histyb-1.pdf  used on input li
ne 340.
(pdftex.def)             Requested size: 206.99832pt x 118.7617pt.
LaTeX Font Info:    Try loading font information for TS1+lmtt on input line 354
.
(/usr/local/texlive/2019/texmf-dist/tex/latex/lm/ts1lmtt.fd
File: ts1lmtt.fd 2009/10/30 v1.6 Font defs for Latin Modern
)
Underfull \vbox (badness 1221) has occurred while \output is active []

[14 <./STCI_files/figure-latex/histyb-1.pdf>] [15]
Overfull \hbox (32.9989pt too wide) in paragraph at lines 454--454
[]\T1/lmtt/m/n/10 ##         barmu      sigma2mu       sigma2U          barY   
        rho[] 
 []


Overfull \hbox (32.9989pt too wide) in paragraph at lines 454--454
[]\T1/lmtt/m/n/10 ##          8.00          0.50          0.28       1500.00   
       0.90[] 
 []


Overfull \hbox (32.9989pt too wide) in paragraph at lines 454--454
[]\T1/lmtt/m/n/10 ##         theta sigma2epsilon     sigma2eta         delta   
   baralpha[] 
 []


Overfull \hbox (32.9989pt too wide) in paragraph at lines 454--454
[]\T1/lmtt/m/n/10 ##          0.01          0.05          0.05          0.05   
       0.10[] 
 []

<STCI_files/figure-latex/histpotout-1.pdf, id=234, 439.6425pt x 250.9375pt>
File: STCI_files/figure-latex/histpotout-1.pdf Graphic file (type pdf)
<use STCI_files/figure-latex/histpotout-1.pdf>
Package pdftex.def Info: STCI_files/figure-latex/histpotout-1.pdf  used on inpu
t line 481.
(pdftex.def)             Requested size: 207.00096pt x 118.15123pt.
[16 <./STCI_files/figure-latex/histpotout-1.pdf>] [17]
<STCI_files/figure-latex/ploty1y0yB-1.pdf, id=259, 436.63126pt x 250.9375pt>
File: STCI_files/figure-latex/ploty1y0yB-1.pdf Graphic file (type pdf)
<use STCI_files/figure-latex/ploty1y0yB-1.pdf>
Package pdftex.def Info: STCI_files/figure-latex/ploty1y0yB-1.pdf  used on inpu
t line 567.
(pdftex.def)             Requested size: 207.00224pt x 118.9668pt.
<STCI_files/figure-latex/plotyyB-1.pdf, id=260, 436.63126pt x 250.9375pt>
File: STCI_files/figure-latex/plotyyB-1.pdf Graphic file (type pdf)
<use STCI_files/figure-latex/plotyyB-1.pdf>
Package pdftex.def Info: STCI_files/figure-latex/plotyyB-1.pdf  used on input l
ine 585.
(pdftex.def)             Requested size: 207.00224pt x 118.9668pt.
[18 <./STCI_files/figure-latex/ploty1y0yB-1.pdf> <./STCI_files/figure-latex/plo
tyyB-1.pdf>] [19]
<STCI_files/figure-latex/histalpha-1.pdf, id=304, 429.605pt x 243.91125pt>
File: STCI_files/figure-latex/histalpha-1.pdf Graphic file (type pdf)
<use STCI_files/figure-latex/histalpha-1.pdf>
Package pdftex.def Info: STCI_files/figure-latex/histalpha-1.pdf  used on input
 line 657.
(pdftex.def)             Requested size: 207.00124pt x 117.5264pt.
[20 <./STCI_files/figure-latex/histalpha-1.pdf>] [21] [22] [23]
Underfull \hbox (badness 1178) in paragraph at lines 814--814
[]\T1/lmr/bx/n/14.4 Intuitive es-ti-ma-tors, con-found-ing fac-tors
 []

[24]
Overfull \hbox (104.89749pt too wide) detected at line 887
[]
 []


Overfull \hbox (55.5246pt too wide) has occurred while \output is active
\T1/lmr/m/sl/10 1.4.  INTUITIVE ESTIMATORS, CONFOUNDING FACTORS AND SELECTION B
IAS \T1/lmr/m/n/10 25
 []

[25]
Underfull \vbox (badness 1242) detected at line 948
 []

[26]
<STCI_files/figure-latex/ploty0y1yBD-1.pdf, id=374, 440.64626pt x 248.93pt>
File: STCI_files/figure-latex/ploty0y1yBD-1.pdf Graphic file (type pdf)
<use STCI_files/figure-latex/ploty0y1yBD-1.pdf>
Package pdftex.def Info: STCI_files/figure-latex/ploty0y1yBD-1.pdf  used on inp
ut line 963.
(pdftex.def)             Requested size: 207.0029pt x 116.94012pt.

Overfull \hbox (55.5246pt too wide) has occurred while \output is active
\T1/lmr/m/sl/10 1.4.  INTUITIVE ESTIMATORS, CONFOUNDING FACTORS AND SELECTION B
IAS \T1/lmr/m/n/10 27
 []

[27 <./STCI_files/figure-latex/ploty0y1yBD-1.pdf>] [28]
Overfull \hbox (55.5246pt too wide) has occurred while \output is active
\T1/lmr/m/sl/10 1.4.  INTUITIVE ESTIMATORS, CONFOUNDING FACTORS AND SELECTION B
IAS \T1/lmr/m/n/10 29
 []

[29]
<STCI_files/figure-latex/histmuD-1.pdf, id=407, 453.695pt x 317.185pt>
File: STCI_files/figure-latex/histmuD-1.pdf Graphic file (type pdf)
<use STCI_files/figure-latex/histmuD-1.pdf>
Package pdftex.def Info: STCI_files/figure-latex/histmuD-1.pdf  used on input l
ine 1092.
(pdftex.def)             Requested size: 206.99922pt x 144.71625pt.
[30 <./STCI_files/figure-latex/histmuD-1.pdf>]
Overfull \hbox (55.5246pt too wide) has occurred while \output is active
\T1/lmr/m/sl/10 1.4.  INTUITIVE ESTIMATORS, CONFOUNDING FACTORS AND SELECTION B
IAS \T1/lmr/m/n/10 31
 []

[31] [32]
Overfull \hbox (32.9989pt too wide) in paragraph at lines 1210--1210
[]\T1/lmtt/m/n/10 ##         barmu      sigma2mu       sigma2U          barY   
        rho[] 
 []


Overfull \hbox (32.9989pt too wide) in paragraph at lines 1210--1210
[]\T1/lmtt/m/n/10 ##          8.00          0.00          0.28       1500.00   
       0.00[] 
 []


Overfull \hbox (32.9989pt too wide) in paragraph at lines 1210--1210
[]\T1/lmtt/m/n/10 ##         theta sigma2epsilon     sigma2eta         delta   
   baralpha[] 
 []


Overfull \hbox (32.9989pt too wide) in paragraph at lines 1210--1210
[]\T1/lmtt/m/n/10 ##          0.01          0.05          0.05          0.05   
       0.10[] 
 []


Overfull \hbox (55.5246pt too wide) has occurred while \output is active
\T1/lmr/m/sl/10 1.4.  INTUITIVE ESTIMATORS, CONFOUNDING FACTORS AND SELECTION B
IAS \T1/lmr/m/n/10 33
 []

[33]
Underfull \vbox (badness 1270) has occurred while \output is active []

[34]
Overfull \hbox (55.5246pt too wide) has occurred while \output is active
\T1/lmr/m/sl/10 1.4.  INTUITIVE ESTIMATORS, CONFOUNDING FACTORS AND SELECTION B
IAS \T1/lmr/m/n/10 35
 []

[35] [36]
Overfull \hbox (55.5246pt too wide) has occurred while \output is active
\T1/lmr/m/sl/10 1.4.  INTUITIVE ESTIMATORS, CONFOUNDING FACTORS AND SELECTION B
IAS \T1/lmr/m/n/10 37
 []

[37] [38]
Overfull \hbox (55.5246pt too wide) has occurred while \output is active
\T1/lmr/m/sl/10 1.4.  INTUITIVE ESTIMATORS, CONFOUNDING FACTORS AND SELECTION B
IAS \T1/lmr/m/n/10 39
 []

[39]
Overfull \hbox (32.9989pt too wide) in paragraph at lines 1572--1572
[]\T1/lmtt/m/n/10 ##         barmu      sigma2mu       sigma2U          barY   
        rho[] 
 []


Overfull \hbox (32.9989pt too wide) in paragraph at lines 1572--1572
[]\T1/lmtt/m/n/10 ##          8.00          0.50          0.28       1500.00   
       1.00[] 
 []


Overfull \hbox (32.9989pt too wide) in paragraph at lines 1572--1572
[]\T1/lmtt/m/n/10 ##         theta sigma2epsilon     sigma2eta         delta   
   baralpha[] 
 []


Overfull \hbox (32.9989pt too wide) in paragraph at lines 1572--1572
[]\T1/lmtt/m/n/10 ##          0.01          0.05          0.05          0.00   
       0.10[] 
 []

[40]
Overfull \hbox (55.5246pt too wide) has occurred while \output is active
\T1/lmr/m/sl/10 1.4.  INTUITIVE ESTIMATORS, CONFOUNDING FACTORS AND SELECTION B
IAS \T1/lmr/m/n/10 41
 []

[41] [42

]
Chapter 2.
[43]
Overfull \hbox (12.81795pt too wide) has occurred while \output is active
\T1/lmr/m/n/10 44 \T1/lmr/m/sl/10 CHAPTER 2.  FUNDAMENTAL PROBLEM OF STATISTICA
L INFERENCE
 []

[44]
Overfull \hbox (32.9989pt too wide) in paragraph at lines 1711--1711
[]\T1/lmtt/m/n/10 ##         barmu      sigma2mu       sigma2U          barY   
        rho[] 
 []


Overfull \hbox (32.9989pt too wide) in paragraph at lines 1711--1711
[]\T1/lmtt/m/n/10 ##          8.00          0.50          0.28       1500.00   
       0.90[] 
 []


Overfull \hbox (32.9989pt too wide) in paragraph at lines 1711--1711
[]\T1/lmtt/m/n/10 ##         theta sigma2epsilon     sigma2eta         delta   
   baralpha[] 
 []


Overfull \hbox (32.9989pt too wide) in paragraph at lines 1711--1711
[]\T1/lmtt/m/n/10 ##          0.01          0.05          0.05          0.05   
       0.10[] 
 []

[45]
Overfull \hbox (12.81795pt too wide) has occurred while \output is active
\T1/lmr/m/n/10 46 \T1/lmr/m/sl/10 CHAPTER 2.  FUNDAMENTAL PROBLEM OF STATISTICA
L INFERENCE
 []

[46] [47]
<STCI_files/figure-latex/montecarlo-1.pdf, id=590, 431.6125pt x 290.08376pt>
File: STCI_files/figure-latex/montecarlo-1.pdf Graphic file (type pdf)
<use STCI_files/figure-latex/montecarlo-1.pdf>
Package pdftex.def Info: STCI_files/figure-latex/montecarlo-1.pdf  used on inpu
t line 1834.
(pdftex.def)             Requested size: 207.00041pt x 139.12352pt.

Overfull \hbox (12.81795pt too wide) has occurred while \output is active
\T1/lmr/m/n/10 48 \T1/lmr/m/sl/10 CHAPTER 2.  FUNDAMENTAL PROBLEM OF STATISTICA
L INFERENCE
 []

[48 <./STCI_files/figure-latex/montecarlo-1.pdf>] [49]
<STCI_files/figure-latex/precision-1.pdf, id=615, 459.7175pt x 316.18124pt>
File: STCI_files/figure-latex/precision-1.pdf Graphic file (type pdf)
<use STCI_files/figure-latex/precision-1.pdf>
Package pdftex.def Info: STCI_files/figure-latex/precision-1.pdf  used on input
 line 1922.
(pdftex.def)             Requested size: 207.00424pt x 142.3719pt.

Overfull \hbox (12.81795pt too wide) has occurred while \output is active
\T1/lmr/m/n/10 50 \T1/lmr/m/sl/10 CHAPTER 2.  FUNDAMENTAL PROBLEM OF STATISTICA
L INFERENCE
 []

[50 <./STCI_files/figure-latex/precision-1.pdf>] [51]
Overfull \hbox (12.81795pt too wide) has occurred while \output is active
\T1/lmr/m/n/10 52 \T1/lmr/m/sl/10 CHAPTER 2.  FUNDAMENTAL PROBLEM OF STATISTICA
L INFERENCE
 []

[52]
Underfull \vbox (badness 4291) detected at line 2098
 []


Underfull \vbox (badness 2932) has occurred while \output is active []

[53]
<STCI_files/figure-latex/montecarlosample-1.pdf, id=644, 431.6125pt x 290.08376
pt>
File: STCI_files/figure-latex/montecarlosample-1.pdf Graphic file (type pdf)
<use STCI_files/figure-latex/montecarlosample-1.pdf>
Package pdftex.def Info: STCI_files/figure-latex/montecarlosample-1.pdf  used o
n input line 2102.
(pdftex.def)             Requested size: 207.00041pt x 139.12352pt.

Underfull \vbox (badness 10000) detected at line 2133
 []


Underfull \vbox (badness 6380) has occurred while \output is active []


Overfull \hbox (12.81795pt too wide) has occurred while \output is active
\T1/lmr/m/n/10 54 \T1/lmr/m/sl/10 CHAPTER 2.  FUNDAMENTAL PROBLEM OF STATISTICA
L INFERENCE
 []

[54]
Underfull \vbox (badness 10000) detected at line 2171
 []

[55 <./STCI_files/figure-latex/montecarlosample-1.pdf>]
<STCI_files/figure-latex/precisionpopsample-1.pdf, id=666, 459.7175pt x 316.181
24pt>
File: STCI_files/figure-latex/precisionpopsample-1.pdf Graphic file (type pdf)
<use STCI_files/figure-latex/precisionpopsample-1.pdf>
Package pdftex.def Info: STCI_files/figure-latex/precisionpopsample-1.pdf  used
 on input line 2175.
(pdftex.def)             Requested size: 207.00424pt x 142.3719pt.

Underfull \vbox (badness 10000) has occurred while \output is active []


Overfull \hbox (12.81795pt too wide) has occurred while \output is active
\T1/lmr/m/n/10 56 \T1/lmr/m/sl/10 CHAPTER 2.  FUNDAMENTAL PROBLEM OF STATISTICA
L INFERENCE
 []

[56 <./STCI_files/figure-latex/precisionpopsample-1.pdf>] [57]
<STCI_files/figure-latex/confinterval-1.pdf, id=692, 712.6625pt x 858.20625pt>
File: STCI_files/figure-latex/confinterval-1.pdf Graphic file (type pdf)
<use STCI_files/figure-latex/confinterval-1.pdf>
Package pdftex.def Info: STCI_files/figure-latex/confinterval-1.pdf  used on in
put line 2259.
(pdftex.def)             Requested size: 206.99306pt x 249.2663pt.

Overfull \hbox (12.81795pt too wide) has occurred while \output is active
\T1/lmr/m/n/10 58 \T1/lmr/m/sl/10 CHAPTER 2.  FUNDAMENTAL PROBLEM OF STATISTICA
L INFERENCE
 []

[58 <./STCI_files/figure-latex/confinterval-1.pdf>] [59]
Overfull \hbox (12.81795pt too wide) has occurred while \output is active
\T1/lmr/m/n/10 60 \T1/lmr/m/sl/10 CHAPTER 2.  FUNDAMENTAL PROBLEM OF STATISTICA
L INFERENCE
 []

[60] [61]
Overfull \hbox (12.81795pt too wide) has occurred while \output is active
\T1/lmr/m/n/10 62 \T1/lmr/m/sl/10 CHAPTER 2.  FUNDAMENTAL PROBLEM OF STATISTICA
L INFERENCE
 []

[62]
<STCI_files/figure-latex/confintervalES-1.pdf, id=733, 716.6775pt x 858.20625pt
>
File: STCI_files/figure-latex/confintervalES-1.pdf Graphic file (type pdf)
<use STCI_files/figure-latex/confintervalES-1.pdf>
Package pdftex.def Info: STCI_files/figure-latex/confintervalES-1.pdf  used on 
input line 2462.
(pdftex.def)             Requested size: 207.00005pt x 247.8782pt.
[63 <./STCI_files/figure-latex/confintervalES-1.pdf>]
Underfull \vbox (badness 10000) has occurred while \output is active []


Overfull \hbox (12.81795pt too wide) has occurred while \output is active
\T1/lmr/m/n/10 64 \T1/lmr/m/sl/10 CHAPTER 2.  FUNDAMENTAL PROBLEM OF STATISTICA
L INFERENCE
 []

[64] [65]
Overfull \hbox (12.81795pt too wide) has occurred while \output is active
\T1/lmr/m/n/10 66 \T1/lmr/m/sl/10 CHAPTER 2.  FUNDAMENTAL PROBLEM OF STATISTICA
L INFERENCE
 []

[66]
Overfull \hbox (3.40445pt too wide) detected at line 2656
[]
 []

[67]
Overfull \hbox (12.81795pt too wide) has occurred while \output is active
\T1/lmr/m/n/10 68 \T1/lmr/m/sl/10 CHAPTER 2.  FUNDAMENTAL PROBLEM OF STATISTICA
L INFERENCE
 []

[68]
<STCI_files/figure-latex/sampnoisewwcheball-1.pdf, id=807, 444.66125pt x 290.08
376pt>
File: STCI_files/figure-latex/sampnoisewwcheball-1.pdf Graphic file (type pdf)
<use STCI_files/figure-latex/sampnoisewwcheball-1.pdf>
Package pdftex.def Info: STCI_files/figure-latex/sampnoisewwcheball-1.pdf  used
 on input line 2725.
(pdftex.def)             Requested size: 207.0028pt x 135.04247pt.
[69 <./STCI_files/figure-latex/sampnoisewwcheball-1.pdf>]
<STCI_files/figure-latex/sampnoisewwchebplot-1.pdf, id=828, 459.7175pt x 316.18
124pt>
File: STCI_files/figure-latex/sampnoisewwchebplot-1.pdf Graphic file (type pdf)

<use STCI_files/figure-latex/sampnoisewwchebplot-1.pdf>
Package pdftex.def Info: STCI_files/figure-latex/sampnoisewwchebplot-1.pdf  use
d on input line 2758.
(pdftex.def)             Requested size: 207.00424pt x 142.3719pt.

Underfull \vbox (badness 4467) detected at line 2789
 []


Underfull \vbox (badness 1448) has occurred while \output is active []


Overfull \hbox (12.81795pt too wide) has occurred while \output is active
\T1/lmr/m/n/10 70 \T1/lmr/m/sl/10 CHAPTER 2.  FUNDAMENTAL PROBLEM OF STATISTICA
L INFERENCE
 []

[70 <./STCI_files/figure-latex/sampnoisewwchebplot-1.pdf>]
<STCI_files/figure-latex/confintervalcheb-1.pdf, id=840, 712.6625pt x 858.20625
pt>
File: STCI_files/figure-latex/confintervalcheb-1.pdf Graphic file (type pdf)
<use STCI_files/figure-latex/confintervalcheb-1.pdf>
Package pdftex.def Info: STCI_files/figure-latex/confintervalcheb-1.pdf  used o
n input line 2793.
(pdftex.def)             Requested size: 206.99306pt x 249.2663pt.
[71 <./STCI_files/figure-latex/confintervalcheb-1.pdf>]
Overfull \hbox (12.81795pt too wide) has occurred while \output is active
\T1/lmr/m/n/10 72 \T1/lmr/m/sl/10 CHAPTER 2.  FUNDAMENTAL PROBLEM OF STATISTICA
L INFERENCE
 []

[72]
<STCI_files/figure-latex/sampnoisewwCLTall-1.pdf, id=869, 441.65pt x 290.08376p
t>
File: STCI_files/figure-latex/sampnoisewwCLTall-1.pdf Graphic file (type pdf)
<use STCI_files/figure-latex/sampnoisewwCLTall-1.pdf>
Package pdftex.def Info: STCI_files/figure-latex/sampnoisewwCLTall-1.pdf  used 
on input line 2881.
(pdftex.def)             Requested size: 207.0027pt x 135.96313pt.
[73 <./STCI_files/figure-latex/sampnoisewwCLTall-1.pdf>]
<STCI_files/figure-latex/sampnoisewwCLTplot-1.pdf, id=892, 459.7175pt x 316.181
24pt>
File: STCI_files/figure-latex/sampnoisewwCLTplot-1.pdf Graphic file (type pdf)
<use STCI_files/figure-latex/sampnoisewwCLTplot-1.pdf>
Package pdftex.def Info: STCI_files/figure-latex/sampnoisewwCLTplot-1.pdf  used
 on input line 2912.
(pdftex.def)             Requested size: 207.00424pt x 142.3719pt.

Underfull \vbox (badness 4467) detected at line 2943
 []


Underfull \vbox (badness 2088) has occurred while \output is active []


Overfull \hbox (12.81795pt too wide) has occurred while \output is active
\T1/lmr/m/n/10 74 \T1/lmr/m/sl/10 CHAPTER 2.  FUNDAMENTAL PROBLEM OF STATISTICA
L INFERENCE
 []

[74 <./STCI_files/figure-latex/sampnoisewwCLTplot-1.pdf>]
<STCI_files/figure-latex/confintervalCLT-1.pdf, id=904, 712.6625pt x 858.20625p
t>
File: STCI_files/figure-latex/confintervalCLT-1.pdf Graphic file (type pdf)
<use STCI_files/figure-latex/confintervalCLT-1.pdf>
Package pdftex.def Info: STCI_files/figure-latex/confintervalCLT-1.pdf  used on
 input line 2947.
(pdftex.def)             Requested size: 206.99306pt x 249.2663pt.
[75 <./STCI_files/figure-latex/confintervalCLT-1.pdf>]
Overfull \hbox (12.81795pt too wide) has occurred while \output is active
\T1/lmr/m/n/10 76 \T1/lmr/m/sl/10 CHAPTER 2.  FUNDAMENTAL PROBLEM OF STATISTICA
L INFERENCE
 []

[76]
Underfull \hbox (badness 4859) in paragraph at lines 3029--3030
[][]\T1/lmr/bx/n/10 Example 2.8. []\T1/lmr/m/n/10 (+20) Us-ing the sand-wich pa
ck-age, we can es-ti-mate the
 []


Underfull \hbox (badness 2096) in paragraph at lines 3029--3030
\T1/lmr/m/n/10 (+20) heteroskedasticity-robust variance-covariance ma-trix and 
sam-pling noise
 []

[77]
Overfull \hbox (12.81795pt too wide) has occurred while \output is active
\T1/lmr/m/n/10 78 \T1/lmr/m/sl/10 CHAPTER 2.  FUNDAMENTAL PROBLEM OF STATISTICA
L INFERENCE
 []

[78] [79]
Underfull \vbox (badness 1609) detected at line 3195
 []


Underfull \vbox (badness 1609) has occurred while \output is active []


Overfull \hbox (12.81795pt too wide) has occurred while \output is active
\T1/lmr/m/n/10 80 \T1/lmr/m/sl/10 CHAPTER 2.  FUNDAMENTAL PROBLEM OF STATISTICA
L INFERENCE
 []

[80] [81]
<STCI_files/figure-latex/sampnoisewwbootall-1.pdf, id=980, 441.65pt x 290.08376
pt>
File: STCI_files/figure-latex/sampnoisewwbootall-1.pdf Graphic file (type pdf)
<use STCI_files/figure-latex/sampnoisewwbootall-1.pdf>
Package pdftex.def Info: STCI_files/figure-latex/sampnoisewwbootall-1.pdf  used
 on input line 3262.
(pdftex.def)             Requested size: 207.0027pt x 135.96313pt.

Overfull \vbox (0.87442pt too high) detected at line 3281
 []


Overfull \hbox (12.81795pt too wide) has occurred while \output is active
\T1/lmr/m/n/10 82 \T1/lmr/m/sl/10 CHAPTER 2.  FUNDAMENTAL PROBLEM OF STATISTICA
L INFERENCE
 []

[82 <./STCI_files/figure-latex/sampnoisewwbootall-1.pdf>]
<STCI_files/figure-latex/sampnoisewwbootplot-1.pdf, id=997, 459.7175pt x 316.18
124pt>
File: STCI_files/figure-latex/sampnoisewwbootplot-1.pdf Graphic file (type pdf)

<use STCI_files/figure-latex/sampnoisewwbootplot-1.pdf>
Package pdftex.def Info: STCI_files/figure-latex/sampnoisewwbootplot-1.pdf  use
d on input line 3285.
(pdftex.def)             Requested size: 207.00424pt x 142.3719pt.
<STCI_files/figure-latex/confintervalboot-1.pdf, id=998, 712.6625pt x 858.20625
pt>
File: STCI_files/figure-latex/confintervalboot-1.pdf Graphic file (type pdf)
<use STCI_files/figure-latex/confintervalboot-1.pdf>
Package pdftex.def Info: STCI_files/figure-latex/confintervalboot-1.pdf  used o
n input line 3320.
(pdftex.def)             Requested size: 206.99306pt x 249.2663pt.
[83 <./STCI_files/figure-latex/sampnoisewwbootplot-1.pdf>]
Overfull \hbox (12.81795pt too wide) has occurred while \output is active
\T1/lmr/m/n/10 84 \T1/lmr/m/sl/10 CHAPTER 2.  FUNDAMENTAL PROBLEM OF STATISTICA
L INFERENCE
 []

[84 <./STCI_files/figure-latex/confintervalboot-1.pdf>] [85]
Overfull \hbox (12.81795pt too wide) has occurred while \output is active
\T1/lmr/m/n/10 86 \T1/lmr/m/sl/10 CHAPTER 2.  FUNDAMENTAL PROBLEM OF STATISTICA
L INFERENCE
 []

[86] [87]
<STCI_files/figure-latex/sampnoisewwfisherall-1.pdf, id=1051, 437.635pt x 290.0
8376pt>
File: STCI_files/figure-latex/sampnoisewwfisherall-1.pdf Graphic file (type pdf
)
<use STCI_files/figure-latex/sampnoisewwfisherall-1.pdf>
Package pdftex.def Info: STCI_files/figure-latex/sampnoisewwfisherall-1.pdf  us
ed on input line 3477.
(pdftex.def)             Requested size: 207.004pt x 137.21136pt.
<STCI_files/figure-latex/sampnoisewwfisherplot-1.pdf, id=1052, 459.7175pt x 316
.18124pt>
File: STCI_files/figure-latex/sampnoisewwfisherplot-1.pdf Graphic file (type pd
f)
<use STCI_files/figure-latex/sampnoisewwfisherplot-1.pdf>
Package pdftex.def Info: STCI_files/figure-latex/sampnoisewwfisherplot-1.pdf  u
sed on input line 3500.
(pdftex.def)             Requested size: 207.00424pt x 142.3719pt.

Overfull \hbox (12.81795pt too wide) has occurred while \output is active
\T1/lmr/m/n/10 88 \T1/lmr/m/sl/10 CHAPTER 2.  FUNDAMENTAL PROBLEM OF STATISTICA
L INFERENCE
 []

[88 <./STCI_files/figure-latex/sampnoisewwfisherall-1.pdf> <./STCI_files/figure
-latex/sampnoisewwfisherplot-1.pdf>]
<STCI_files/figure-latex/confintervalfisher-1.pdf, id=1073, 712.6625pt x 858.20
625pt>
File: STCI_files/figure-latex/confintervalfisher-1.pdf Graphic file (type pdf)
<use STCI_files/figure-latex/confintervalfisher-1.pdf>
Package pdftex.def Info: STCI_files/figure-latex/confintervalfisher-1.pdf  used
 on input line 3535.
(pdftex.def)             Requested size: 206.99306pt x 249.2663pt.
[89]
Overfull \hbox (12.81795pt too wide) has occurred while \output is active
\T1/lmr/m/n/10 90 \T1/lmr/m/sl/10 CHAPTER 2.  FUNDAMENTAL PROBLEM OF STATISTICA
L INFERENCE
 []

[90 <./STCI_files/figure-latex/confintervalfisher-1.pdf>] [91

] [92]
Chapter 3.
[93

] [94] [95]
Underfull \vbox (badness 1688) has occurred while \output is active []

[96] [97]

LaTeX Font Warning: Font shape `T1/lmr/bx/sc' undefined
(Font)              using `T1/lmr/bx/n' instead on input line 3819.

[98] [99]
Underfull \vbox (badness 10000) detected at line 3957
 []


Underfull \vbox (badness 10000) has occurred while \output is active []

[100]
<STCI_files/figure-latex/montecarlohistbruteforcewwyB-1.pdf, id=1177, 431.6125p
t x 290.08376pt>
File: STCI_files/figure-latex/montecarlohistbruteforcewwyB-1.pdf Graphic file (
type pdf)
<use STCI_files/figure-latex/montecarlohistbruteforcewwyB-1.pdf>
Package pdftex.def Info: STCI_files/figure-latex/montecarlohistbruteforcewwyB-1
.pdf  used on input line 3961.
(pdftex.def)             Requested size: 172.49704pt x 115.93405pt.
<STCI_files/figure-latex/montecarlohistbruteforcewwyB-2.pdf, id=1178, 431.6125p
t x 290.08376pt>
File: STCI_files/figure-latex/montecarlohistbruteforcewwyB-2.pdf Graphic file (
type pdf)
<use STCI_files/figure-latex/montecarlohistbruteforcewwyB-2.pdf>
Package pdftex.def Info: STCI_files/figure-latex/montecarlohistbruteforcewwyB-2
.pdf  used on input line 3961.
(pdftex.def)             Requested size: 172.49704pt x 115.93405pt.

Overfull \hbox (6.66074pt too wide) in paragraph at lines 3961--3962
 [][][][] 
 []


Underfull \vbox (badness 10000) has occurred while \output is active []

[101 <./STCI_files/figure-latex/montecarlohistbruteforcewwyB-1.pdf> <./STCI_fil
es/figure-latex/montecarlohistbruteforcewwyB-2.pdf>] [102] [103]
<STCI_files/figure-latex/sampnoisewwBFCLTplot-1.pdf, id=1233, 459.7175pt x 316.
18124pt>
File: STCI_files/figure-latex/sampnoisewwBFCLTplot-1.pdf Graphic file (type pdf
)
<use STCI_files/figure-latex/sampnoisewwBFCLTplot-1.pdf>
Package pdftex.def Info: STCI_files/figure-latex/sampnoisewwBFCLTplot-1.pdf  us
ed on input line 4102.
(pdftex.def)             Requested size: 172.49886pt x 118.64003pt.

Underfull \vbox (badness 10000) detected at line 4122
 []


Underfull \vbox (badness 10000) has occurred while \output is active []

[104]
<STCI_files/figure-latex/sampnoisewwBFCLTall-1.pdf, id=1238, 452.69125pt x 290.
08376pt>
File: STCI_files/figure-latex/sampnoisewwBFCLTall-1.pdf Graphic file (type pdf)

<use STCI_files/figure-latex/sampnoisewwBFCLTall-1.pdf>
Package pdftex.def Info: STCI_files/figure-latex/sampnoisewwBFCLTall-1.pdf  use
d on input line 4126.
(pdftex.def)             Requested size: 172.49417pt x 110.53395pt.
<STCI_files/figure-latex/sampnoisewwBFCLTall-2.pdf, id=1239, 437.635pt x 290.08
376pt>
File: STCI_files/figure-latex/sampnoisewwBFCLTall-2.pdf Graphic file (type pdf)

<use STCI_files/figure-latex/sampnoisewwBFCLTall-2.pdf>
Package pdftex.def Info: STCI_files/figure-latex/sampnoisewwBFCLTall-2.pdf  use
d on input line 4126.
(pdftex.def)             Requested size: 172.49998pt x 114.34059pt.

Overfull \hbox (6.66081pt too wide) in paragraph at lines 4126--4127
 [][][][] 
 []


Underfull \vbox (badness 5817) detected at line 4181
 []

[105 <./STCI_files/figure-latex/sampnoisewwBFCLTplot-1.pdf> <./STCI_files/figur
e-latex/sampnoisewwBFCLTall-1.pdf> <./STCI_files/figure-latex/sampnoisewwBFCLTa
ll-2.pdf>]
<STCI_files/figure-latex/confintervalCLTBF-1.pdf, id=1271, 712.6625pt x 858.206
25pt>
File: STCI_files/figure-latex/confintervalCLTBF-1.pdf Graphic file (type pdf)
<use STCI_files/figure-latex/confintervalCLTBF-1.pdf>
Package pdftex.def Info: STCI_files/figure-latex/confintervalCLTBF-1.pdf  used 
on input line 4185.
(pdftex.def)             Requested size: 172.49965pt x 207.72845pt.
<STCI_files/figure-latex/confintervalCLTBF-2.pdf, id=1272, 712.6625pt x 858.206
25pt>
File: STCI_files/figure-latex/confintervalCLTBF-2.pdf Graphic file (type pdf)
<use STCI_files/figure-latex/confintervalCLTBF-2.pdf>
Package pdftex.def Info: STCI_files/figure-latex/confintervalCLTBF-2.pdf  used 
on input line 4185.
(pdftex.def)             Requested size: 172.49965pt x 207.72845pt.

Overfull \hbox (6.66595pt too wide) in paragraph at lines 4185--4186
 [][][][] 
 []

[106] [107 <./STCI_files/figure-latex/confintervalCLTBF-1.pdf> <./STCI_files/fi
gure-latex/confintervalCLTBF-2.pdf>] [108] [109] [110] [111] [112]
Underfull \vbox (badness 10000) detected at line 4586
 []


Underfull \vbox (badness 10000) has occurred while \output is active []

[113]
<STCI_files/figure-latex/montecarlohistselfselectww-1.pdf, id=1354, 434.62375pt
 x 290.08376pt>
File: STCI_files/figure-latex/montecarlohistselfselectww-1.pdf Graphic file (ty
pe pdf)
<use STCI_files/figure-latex/montecarlohistselfselectww-1.pdf>
Package pdftex.def Info: STCI_files/figure-latex/montecarlohistselfselectww-1.p
df  used on input line 4605.
(pdftex.def)             Requested size: 172.50015pt x 115.13289pt.
<STCI_files/figure-latex/montecarlohistselfselectww-2.pdf, id=1355, 431.6125pt 
x 290.08376pt>
File: STCI_files/figure-latex/montecarlohistselfselectww-2.pdf Graphic file (ty
pe pdf)
<use STCI_files/figure-latex/montecarlohistselfselectww-2.pdf>
Package pdftex.def Info: STCI_files/figure-latex/montecarlohistselfselectww-2.p
df  used on input line 4605.
(pdftex.def)             Requested size: 172.49704pt x 115.93405pt.

Overfull \hbox (6.66385pt too wide) in paragraph at lines 4605--4606
 [][][][] 
 []


Underfull \vbox (badness 10000) has occurred while \output is active []

[114] [115 <./STCI_files/figure-latex/montecarlohistselfselectww-1.pdf> <./STCI
_files/figure-latex/montecarlohistselfselectww-2.pdf>] [116] [117] [118] [119] 
[120] [121] [122] [123] [124]
Overfull \hbox (9.07831pt too wide) detected at line 5144
[]
 []

[125] [126]
Underfull \vbox (badness 10000) detected at line 5248
 []


Underfull \vbox (badness 10000) detected at line 5248
 []

[127]
Underfull \vbox (badness 10000) detected at line 5306
 []


Underfull \vbox (badness 10000) has occurred while \output is active []

[128]
<STCI_files/figure-latex/montecarlohisteligbloom-1.pdf, id=1542, 431.6125pt x 2
90.08376pt>
File: STCI_files/figure-latex/montecarlohisteligbloom-1.pdf Graphic file (type 
pdf)
<use STCI_files/figure-latex/montecarlohisteligbloom-1.pdf>
Package pdftex.def Info: STCI_files/figure-latex/montecarlohisteligbloom-1.pdf 
 used on input line 5325.
(pdftex.def)             Requested size: 172.49704pt x 115.93405pt.
<STCI_files/figure-latex/montecarlohisteligbloom-2.pdf, id=1543, 431.6125pt x 2
90.08376pt>
File: STCI_files/figure-latex/montecarlohisteligbloom-2.pdf Graphic file (type 
pdf)
<use STCI_files/figure-latex/montecarlohisteligbloom-2.pdf>
Package pdftex.def Info: STCI_files/figure-latex/montecarlohisteligbloom-2.pdf 
 used on input line 5325.
(pdftex.def)             Requested size: 172.49704pt x 115.93405pt.

Overfull \hbox (6.66074pt too wide) in paragraph at lines 5325--5326
 [][][][] 
 []

[129 <./STCI_files/figure-latex/montecarlohisteligbloom-1.pdf> <./STCI_files/fi
gure-latex/montecarlohisteligbloom-2.pdf>]
Overfull \hbox (55.92805pt too wide) detected at line 5357
[]
 []

[130] [131] [132] [133] [134]

LaTeX Warning: Reference `lem:WaldIV' on page 135 undefined on input line 5634.


[135] [136] [137]
Overfull \hbox (59.33305pt too wide) detected at line 5790
[]
 []


Underfull \vbox (badness 2772) has occurred while \output is active []

[138] [139] [140]
Overfull \hbox (3.7803pt too wide) detected at line 5910
[]
 []

[141]
Underfull \vbox (badness 1009) detected at line 5984
 []

[142] [143] [144] [145] [146] [147] [148]
<STCI_files/figure-latex/MonteCarloHistEncourage-1.pdf, id=1843, 431.6125pt x 2
90.08376pt>
File: STCI_files/figure-latex/MonteCarloHistEncourage-1.pdf Graphic file (type 
pdf)
<use STCI_files/figure-latex/MonteCarloHistEncourage-1.pdf>
Package pdftex.def Info: STCI_files/figure-latex/MonteCarloHistEncourage-1.pdf 
 used on input line 6328.
(pdftex.def)             Requested size: 172.49704pt x 115.93405pt.
<STCI_files/figure-latex/MonteCarloHistEncourage-2.pdf, id=1844, 431.6125pt x 2
90.08376pt>
File: STCI_files/figure-latex/MonteCarloHistEncourage-2.pdf Graphic file (type 
pdf)
<use STCI_files/figure-latex/MonteCarloHistEncourage-2.pdf>
Package pdftex.def Info: STCI_files/figure-latex/MonteCarloHistEncourage-2.pdf 
 used on input line 6328.
(pdftex.def)             Requested size: 172.49704pt x 115.93405pt.

Overfull \hbox (6.66074pt too wide) in paragraph at lines 6328--6329
 [][][][] 
 []


Overfull \hbox (83.67099pt too wide) detected at line 6348
[]
 []


Underfull \vbox (badness 3049) has occurred while \output is active []

[149 <./STCI_files/figure-latex/MonteCarloHistEncourage-1.pdf> <./STCI_files/fi
gure-latex/MonteCarloHistEncourage-2.pdf>]
Overfull \hbox (67.07933pt too wide) detected at line 6355
[]
 []

[150] [151] [152

]
Chapter 4.
[153] [154] [155]
Overfull \vbox (0.33347pt too high) detected at line 6595
 []

[156]
Underfull \vbox (badness 2846) detected at line 6644
 []

[157]
<STCI_files/figure-latex/plottypes-1.pdf, id=1938, 436.63126pt x 285.065pt>
File: STCI_files/figure-latex/plottypes-1.pdf Graphic file (type pdf)
<use STCI_files/figure-latex/plottypes-1.pdf>
Package pdftex.def Info: STCI_files/figure-latex/plottypes-1.pdf  used on input
 line 6648.
(pdftex.def)             Requested size: 172.49744pt x 112.619pt.
<STCI_files/figure-latex/plottypes-2.pdf, id=1939, 436.63126pt x 288.07625pt>
File: STCI_files/figure-latex/plottypes-2.pdf Graphic file (type pdf)
<use STCI_files/figure-latex/plottypes-2.pdf>
Package pdftex.def Info: STCI_files/figure-latex/plottypes-2.pdf  used on input
 line 6648.
(pdftex.def)             Requested size: 172.49744pt x 113.80864pt.

Overfull \hbox (6.66153pt too wide) in paragraph at lines 6648--6649
 [][][][] 
 []

[158 <./STCI_files/figure-latex/plottypes-1.pdf> <./STCI_files/figure-latex/plo
ttypes-2.pdf>]
<STCI_files/figure-latex/IVFirstStage-1.pdf, id=1965, 459.7175pt x 313.17pt>
File: STCI_files/figure-latex/IVFirstStage-1.pdf Graphic file (type pdf)
<use STCI_files/figure-latex/IVFirstStage-1.pdf>
Package pdftex.def Info: STCI_files/figure-latex/IVFirstStage-1.pdf  used on in
put line 6710.
(pdftex.def)             Requested size: 207.00424pt x 141.01598pt.
[159 <./STCI_files/figure-latex/IVFirstStage-1.pdf>] [160]
Chapter 5.
[161

] [162

]
Chapter 6.
[163] [164] [165] [166

] [167] [168]
Chapter 7.
[169

] [170

]
Chapter 8.
[171] [172

]
Chapter 9.
[173] [174

]
Chapter 10.
[175] [176

]
Chapter 11.
[177] [178

]
Chapter 12.
[179] [180

]
Chapter 13.
[181] [182]
<STCI_files/figure-latex/confintervalESCLT-1.pdf, id=2149, 861.2175pt x 566.115
pt>
File: STCI_files/figure-latex/confintervalESCLT-1.pdf Graphic file (type pdf)
<use STCI_files/figure-latex/confintervalESCLT-1.pdf>
Package pdftex.def Info: STCI_files/figure-latex/confintervalESCLT-1.pdf  used 
on input line 6964.
(pdftex.def)             Requested size: 206.99866pt x 136.06905pt.

Underfull \vbox (badness 3746) has occurred while \output is active []

[183 <./STCI_files/figure-latex/confintervalESCLT-1.pdf>] [184] [185]
<STCI_files/figure-latex/VoteCounting-1.pdf, id=2174, 855.195pt x 569.12625pt>
File: STCI_files/figure-latex/VoteCounting-1.pdf Graphic file (type pdf)
<use STCI_files/figure-latex/VoteCounting-1.pdf>
Package pdftex.def Info: STCI_files/figure-latex/VoteCounting-1.pdf  used on in
put line 7091.
(pdftex.def)             Requested size: 172.49748pt x 114.79585pt.
<STCI_files/figure-latex/VoteCounting-2.pdf, id=2175, 855.195pt x 569.12625pt>
File: STCI_files/figure-latex/VoteCounting-2.pdf Graphic file (type pdf)
<use STCI_files/figure-latex/VoteCounting-2.pdf>
Package pdftex.def Info: STCI_files/figure-latex/VoteCounting-2.pdf  used on in
put line 7091.
(pdftex.def)             Requested size: 172.49748pt x 114.79585pt.

Overfull \hbox (6.66162pt too wide) in paragraph at lines 7091--7092
 [][][][] 
 []

[186 <./STCI_files/figure-latex/VoteCounting-1.pdf> <./STCI_files/figure-latex/
VoteCounting-2.pdf>] [187] [188]
<STCI_files/figure-latex/FEforestplot-1.pdf, id=2234, 837.1275pt x 460.72125pt>

File: STCI_files/figure-latex/FEforestplot-1.pdf Graphic file (type pdf)
<use STCI_files/figure-latex/FEforestplot-1.pdf>
Package pdftex.def Info: STCI_files/figure-latex/FEforestplot-1.pdf  used on in
put line 7234.
(pdftex.def)             Requested size: 206.9949pt x 113.92165pt.
[189 <./STCI_files/figure-latex/FEforestplot-1.pdf>] [190] [191]
<STCI_files/figure-latex/metanoiseplot-1.pdf, id=2267, 861.2175pt x 569.12625pt
>
File: STCI_files/figure-latex/metanoiseplot-1.pdf Graphic file (type pdf)
<use STCI_files/figure-latex/metanoiseplot-1.pdf>
Package pdftex.def Info: STCI_files/figure-latex/metanoiseplot-1.pdf  used on i
nput line 7392.
(pdftex.def)             Requested size: 113.84137pt x 75.23083pt.
<STCI_files/figure-latex/metanoiseplot-2.pdf, id=2268, 861.2175pt x 566.115pt>
File: STCI_files/figure-latex/metanoiseplot-2.pdf Graphic file (type pdf)
<use STCI_files/figure-latex/metanoiseplot-2.pdf>
Package pdftex.def Info: STCI_files/figure-latex/metanoiseplot-2.pdf  used on i
nput line 7392.
(pdftex.def)             Requested size: 113.84137pt x 74.8328pt.
<STCI_files/figure-latex/metanoiseplot-3.pdf, id=2269, 861.2175pt x 566.115pt>
File: STCI_files/figure-latex/metanoiseplot-3.pdf Graphic file (type pdf)
<use STCI_files/figure-latex/metanoiseplot-3.pdf>
Package pdftex.def Info: STCI_files/figure-latex/metanoiseplot-3.pdf  used on i
nput line 7392.
(pdftex.def)             Requested size: 113.84137pt x 74.8328pt.

Overfull \hbox (6.5241pt too wide) in paragraph at lines 7392--7393
 [][][][][][] 
 []


Underfull \vbox (badness 1661) has occurred while \output is active []

[192] [193 <./STCI_files/figure-latex/metanoiseplot-1.pdf> <./STCI_files/figure
-latex/metanoiseplot-2.pdf> <./STCI_files/figure-latex/metanoiseplot-3.pdf>]
Overfull \hbox (32.9989pt too wide) in paragraph at lines 7494--7494
[]\T1/lmtt/m/n/10 ## tau^2 (estimated amount of total heterogeneity): 0.7507 (S
E = 0.2583)[] 
 []

[194] [195] [196]
<STCI_files/figure-latex/RandomOthersTau-1.pdf, id=2338, 851.18pt x 566.115pt>
File: STCI_files/figure-latex/RandomOthersTau-1.pdf Graphic file (type pdf)
<use STCI_files/figure-latex/RandomOthersTau-1.pdf>
Package pdftex.def Info: STCI_files/figure-latex/RandomOthersTau-1.pdf  used on
 input line 7613.
(pdftex.def)             Requested size: 207.00185pt x 137.67575pt.
<STCI_files/figure-latex/RandomOthersES-1.pdf, id=2339, 851.18pt x 566.115pt>
File: STCI_files/figure-latex/RandomOthersES-1.pdf Graphic file (type pdf)
<use STCI_files/figure-latex/RandomOthersES-1.pdf>
Package pdftex.def Info: STCI_files/figure-latex/RandomOthersES-1.pdf  used on 
input line 7638.
(pdftex.def)             Requested size: 207.00185pt x 137.67575pt.
<STCI_files/figure-latex/RERMAmetafor-1.pdf, id=2340, 837.1275pt x 458.71375pt>

File: STCI_files/figure-latex/RERMAmetafor-1.pdf Graphic file (type pdf)
<use STCI_files/figure-latex/RERMAmetafor-1.pdf>
Package pdftex.def Info: STCI_files/figure-latex/RERMAmetafor-1.pdf  used on in
put line 7663.
(pdftex.def)             Requested size: 113.85039pt x 62.38564pt.
<STCI_files/figure-latex/RERMAmetafor-2.pdf, id=2341, 837.1275pt x 458.71375pt>

File: STCI_files/figure-latex/RERMAmetafor-2.pdf Graphic file (type pdf)
<use STCI_files/figure-latex/RERMAmetafor-2.pdf>
Package pdftex.def Info: STCI_files/figure-latex/RERMAmetafor-2.pdf  used on in
put line 7663.
(pdftex.def)             Requested size: 113.85039pt x 62.38564pt.
<STCI_files/figure-latex/RERMAmetafor-3.pdf, id=2342, 837.1275pt x 458.71375pt>

File: STCI_files/figure-latex/RERMAmetafor-3.pdf Graphic file (type pdf)
<use STCI_files/figure-latex/RERMAmetafor-3.pdf>
Package pdftex.def Info: STCI_files/figure-latex/RERMAmetafor-3.pdf  used on in
put line 7663.
(pdftex.def)             Requested size: 113.85039pt x 62.38564pt.

Overfull \hbox (6.55115pt too wide) in paragraph at lines 7663--7664
 [][][][][][] 
 []

[197 <./STCI_files/figure-latex/RandomOthersTau-1.pdf>] [198 <./STCI_files/figu
re-latex/RandomOthersES-1.pdf> <./STCI_files/figure-latex/RERMAmetafor-1.pdf> <
./STCI_files/figure-latex/RERMAmetafor-2.pdf> <./STCI_files/figure-latex/RERMAm
etafor-3.pdf>]
<STCI_files/figure-latex/Radial-1.pdf, id=2398, 626.34pt x 484.81125pt>
File: STCI_files/figure-latex/Radial-1.pdf Graphic file (type pdf)
<use STCI_files/figure-latex/Radial-1.pdf>
Package pdftex.def Info: STCI_files/figure-latex/Radial-1.pdf  used on input li
ne 7685.
(pdftex.def)             Requested size: 172.49728pt x 133.51953pt.
<STCI_files/figure-latex/Radial-2.pdf, id=2399, 642.4pt x 456.70625pt>
File: STCI_files/figure-latex/Radial-2.pdf Graphic file (type pdf)
<use STCI_files/figure-latex/Radial-2.pdf>
Package pdftex.def Info: STCI_files/figure-latex/Radial-2.pdf  used on input li
ne 7685.
(pdftex.def)             Requested size: 172.4995pt x 122.63635pt.

Overfull \hbox (6.66344pt too wide) in paragraph at lines 7685--7686
 [][][][] 
 []

<STCI_files/figure-latex/FEvsRE-1.pdf, id=2401, 837.1275pt x 460.72125pt>
File: STCI_files/figure-latex/FEvsRE-1.pdf Graphic file (type pdf)
<use STCI_files/figure-latex/FEvsRE-1.pdf>
Package pdftex.def Info: STCI_files/figure-latex/FEvsRE-1.pdf  used on input li
ne 7721.
(pdftex.def)             Requested size: 172.49362pt x 94.93353pt.
<STCI_files/figure-latex/FEvsRE-2.pdf, id=2402, 837.1275pt x 460.72125pt>
File: STCI_files/figure-latex/FEvsRE-2.pdf Graphic file (type pdf)
<use STCI_files/figure-latex/FEvsRE-2.pdf>
Package pdftex.def Info: STCI_files/figure-latex/FEvsRE-2.pdf  used on input li
ne 7721.
(pdftex.def)             Requested size: 172.49362pt x 94.93353pt.

Overfull \hbox (6.6539pt too wide) in paragraph at lines 7721--7722
 [][][][] 
 []

[199 <./STCI_files/figure-latex/Radial-1.pdf> <./STCI_files/figure-latex/Radial
-2.pdf>] [200 <./STCI_files/figure-latex/FEvsRE-1.pdf> <./STCI_files/figure-lat
ex/FEvsRE-2.pdf>]
Underfull \vbox (badness 1142) has occurred while \output is active []

[201]
Overfull \hbox (20.29956pt too wide) detected at line 7825
[]
 []

[202]
Overfull \hbox (85.80959pt too wide) detected at line 7896
[]
 []

[203]
Overfull \hbox (43.49887pt too wide) in paragraph at lines 7947--7947
[]\T1/lmtt/m/n/10 ## tau^2 (estimated amount of residual heterogeneity):     0 
(SE = 0.0005)[] 
 []


Overfull \hbox (1.499pt too wide) in paragraph at lines 7947--7947
[]\T1/lmtt/m/n/10 ## R^2 (amount of heterogeneity accounted for):            10
0.00%[] 
 []


Overfull \hbox (1.499pt too wide) in paragraph at lines 7947--7947
[]\T1/lmtt/m/n/10 ## intrcpt    0.1981  0.0085  23.1790  <.0001  0.1813  0.2148
  ***[] 
 []


Overfull \hbox (1.499pt too wide) in paragraph at lines 7947--7947
[]\T1/lmtt/m/n/10 ## nu.1       0.9708  0.0306  31.7751  <.0001  0.9109  1.0307
  ***[] 
 []

[204]
<STCI_files/figure-latex/MetaRegCoef-1.pdf, id=2504, 851.18pt x 566.115pt>
File: STCI_files/figure-latex/MetaRegCoef-1.pdf Graphic file (type pdf)
<use STCI_files/figure-latex/MetaRegCoef-1.pdf>
Package pdftex.def Info: STCI_files/figure-latex/MetaRegCoef-1.pdf  used on inp
ut line 7976.
(pdftex.def)             Requested size: 207.00185pt x 137.67575pt.
[205 <./STCI_files/figure-latex/MetaRegCoef-1.pdf>]
<STCI_files/figure-latex/cumWMAE-1.pdf, id=2521, 857.2025pt x 569.12625pt>
File: STCI_files/figure-latex/cumWMAE-1.pdf Graphic file (type pdf)
<use STCI_files/figure-latex/cumWMAE-1.pdf>
Package pdftex.def Info: STCI_files/figure-latex/cumWMAE-1.pdf  used on input l
ine 8036.
(pdftex.def)             Requested size: 172.49692pt x 114.52664pt.
<STCI_files/figure-latex/cumWMAE-2.pdf, id=2522, 857.2025pt x 569.12625pt>
File: STCI_files/figure-latex/cumWMAE-2.pdf Graphic file (type pdf)
<use STCI_files/figure-latex/cumWMAE-2.pdf>
Package pdftex.def Info: STCI_files/figure-latex/cumWMAE-2.pdf  used on input l
ine 8036.
(pdftex.def)             Requested size: 172.49692pt x 114.52664pt.

Overfull \hbox (6.66049pt too wide) in paragraph at lines 8036--8037
 [][][][] 
 []

[206]
<STCI_files/figure-latex/cumWMAEmetafor-1.pdf, id=2538, 837.1275pt x 460.72125p
t>
File: STCI_files/figure-latex/cumWMAEmetafor-1.pdf Graphic file (type pdf)
<use STCI_files/figure-latex/cumWMAEmetafor-1.pdf>
Package pdftex.def Info: STCI_files/figure-latex/cumWMAEmetafor-1.pdf  used on 
input line 8072.
(pdftex.def)             Requested size: 172.49362pt x 94.93353pt.
<STCI_files/figure-latex/cumWMAEmetafor-2.pdf, id=2539, 837.1275pt x 457.71pt>
File: STCI_files/figure-latex/cumWMAEmetafor-2.pdf Graphic file (type pdf)
<use STCI_files/figure-latex/cumWMAEmetafor-2.pdf>
Package pdftex.def Info: STCI_files/figure-latex/cumWMAEmetafor-2.pdf  used on 
input line 8072.
(pdftex.def)             Requested size: 172.49362pt x 94.31305pt.

Overfull \hbox (6.6539pt too wide) in paragraph at lines 8072--8073
 [][][][] 
 []

[207 <./STCI_files/figure-latex/cumWMAE-1.pdf> <./STCI_files/figure-latex/cumWM
AE-2.pdf>] [208 <./STCI_files/figure-latex/cumWMAEmetafor-1.pdf> <./STCI_files/
figure-latex/cumWMAEmetafor-2.pdf>] [209]
<STCI_files/figure-latex/PubBias-1.pdf, id=2594, 861.2175pt x 569.12625pt>
File: STCI_files/figure-latex/PubBias-1.pdf Graphic file (type pdf)
<use STCI_files/figure-latex/PubBias-1.pdf>
Package pdftex.def Info: STCI_files/figure-latex/PubBias-1.pdf  used on input l
ine 8166.
(pdftex.def)             Requested size: 113.84137pt x 75.23083pt.
<STCI_files/figure-latex/PubBias-2.pdf, id=2595, 861.2175pt x 569.12625pt>
File: STCI_files/figure-latex/PubBias-2.pdf Graphic file (type pdf)
<use STCI_files/figure-latex/PubBias-2.pdf>
Package pdftex.def Info: STCI_files/figure-latex/PubBias-2.pdf  used on input l
ine 8166.
(pdftex.def)             Requested size: 113.84137pt x 75.23083pt.
<STCI_files/figure-latex/PubBias-3.pdf, id=2596, 861.2175pt x 569.12625pt>
File: STCI_files/figure-latex/PubBias-3.pdf Graphic file (type pdf)
<use STCI_files/figure-latex/PubBias-3.pdf>
Package pdftex.def Info: STCI_files/figure-latex/PubBias-3.pdf  used on input l
ine 8166.
(pdftex.def)             Requested size: 113.84137pt x 75.23083pt.

Overfull \hbox (6.5241pt too wide) in paragraph at lines 8166--8167
 [][][][][][] 
 []

[210 <./STCI_files/figure-latex/PubBias-1.pdf> <./STCI_files/figure-latex/PubBi
as-2.pdf> <./STCI_files/figure-latex/PubBias-3.pdf>]
<STCI_files/figure-latex/PubBiasRE-1.pdf, id=2631, 861.2175pt x 569.12625pt>
File: STCI_files/figure-latex/PubBiasRE-1.pdf Graphic file (type pdf)
<use STCI_files/figure-latex/PubBiasRE-1.pdf>
Package pdftex.def Info: STCI_files/figure-latex/PubBiasRE-1.pdf  used on input
 line 8245.
(pdftex.def)             Requested size: 113.84137pt x 75.23083pt.
<STCI_files/figure-latex/PubBiasRE-2.pdf, id=2632, 861.2175pt x 571.13374pt>
File: STCI_files/figure-latex/PubBiasRE-2.pdf Graphic file (type pdf)
<use STCI_files/figure-latex/PubBiasRE-2.pdf>
Package pdftex.def Info: STCI_files/figure-latex/PubBiasRE-2.pdf  used on input
 line 8245.
(pdftex.def)             Requested size: 113.84137pt x 75.4962pt.
<STCI_files/figure-latex/PubBiasRE-3.pdf, id=2633, 861.2175pt x 571.13374pt>
File: STCI_files/figure-latex/PubBiasRE-3.pdf Graphic file (type pdf)
<use STCI_files/figure-latex/PubBiasRE-3.pdf>
Package pdftex.def Info: STCI_files/figure-latex/PubBiasRE-3.pdf  used on input
 line 8245.
(pdftex.def)             Requested size: 113.84137pt x 75.4962pt.

Overfull \hbox (6.5241pt too wide) in paragraph at lines 8245--8246
 [][][][][][] 
 []

[211] [212 <./STCI_files/figure-latex/PubBiasRE-1.pdf> <./STCI_files/figure-lat
ex/PubBiasRE-2.pdf> <./STCI_files/figure-latex/PubBiasRE-3.pdf>]
Underfull \vbox (badness 1019) has occurred while \output is active []

[213] [214]
Chapter 14.
[215

] [216

]
Appendix A.

Overfull \hbox (24.18996pt too wide) detected at line 8383
[]
 []


Underfull \vbox (badness 10000) has occurred while \output is active []

[217]
Overfull \hbox (23.92943pt too wide) detected at line 8401
[]
 []


Overfull \hbox (62.65697pt too wide) detected at line 8417
[]
 []

[218]
Overfull \hbox (54.96727pt too wide) detected at line 8432
[]
 []

[219] [220]
Overfull \hbox (113.14314pt too wide) detected at line 8510
[]
 []

[221] [222]
Overfull \hbox (91.99011pt too wide) detected at line 8645
[]
 []

[223]
Overfull \hbox (59.8866pt too wide) detected at line 8705
[]
 []

[224]
Overfull \hbox (140.61969pt too wide) detected at line 8734
[]
 []

[225]
Overfull \hbox (132.842pt too wide) detected at line 8787
[]
 []

[226] [227] [228] [229] [230] [231]
Overfull \hbox (167.5028pt too wide) detected at line 9045
[]
 []


Overfull \hbox (10.80142pt too wide) detected at line 9056
[]
 []

[232]
Package atveryend Info: Empty hook `BeforeClearDocument' on input line 9083.
[233]
Package atveryend Info: Empty hook `AfterLastShipout' on input line 9083.
(./STCI.aux)
Package atveryend Info: Executing hook `AtVeryEndDocument' on input line 9083.
Package atveryend Info: Executing hook `AtEndAfterFileList' on input line 9083.

Package rerunfilecheck Info: File `STCI.out' has not changed.
(rerunfilecheck)             Checksum: 7DA8FDBA5792C826B0B2367EC5C5C458;3505.

LaTeX Font Warning: Some font shapes were not available, defaults substituted.


LaTeX Warning: There were undefined references.

 ) 
Here is how much of TeX's memory you used:
 16006 strings out of 492616
 251774 string characters out of 6129480
 365101 words of memory out of 5000000
 18449 multiletter control sequences out of 15000+600000
 100497 words of font info for 194 fonts, out of 8000000 for 9000
 1141 hyphenation exceptions out of 8191
 44i,22n,54p,1277b,472s stack positions out of 5000i,500n,10000p,200000b,80000s
{/usr/local/texlive/2019/texmf-dist/fonts/enc/dvips/lm/lm-rm.enc}{/usr/local/
texlive/2019/texmf-dist/fonts/enc/dvips/lm/lm-mathit.enc}{/usr/local/texlive/20
19/texmf-dist/fonts/enc/dvips/lm/lm-ts1.enc}{/usr/local/texlive/2019/texmf-dist
/fonts/enc/dvips/lm/lm-ec.enc}{/usr/local/texlive/2019/texmf-dist/fonts/enc/dvi
ps/lm/lm-mathsy.enc}{/usr/local/texlive/2019/texmf-dist/fonts/enc/dvips/lm/lm-m
athex.enc}</usr/local/texlive/2019/texmf-dist/fonts/type1/public/doublestroke/d
srom10.pfb></usr/local/texlive/2019/texmf-dist/fonts/type1/public/lm/lmbx10.pfb
></usr/local/texlive/2019/texmf-dist/fonts/type1/public/lm/lmbx12.pfb></usr/loc
al/texlive/2019/texmf-dist/fonts/type1/public/lm/lmbx7.pfb></usr/local/texlive/
2019/texmf-dist/fonts/type1/public/lm/lmex10.pfb></usr/local/texlive/2019/texmf
-dist/fonts/type1/public/lm/lmmi10.pfb></usr/local/texlive/2019/texmf-dist/font
s/type1/public/lm/lmmi5.pfb></usr/local/texlive/2019/texmf-dist/fonts/type1/pub
lic/lm/lmmi6.pfb></usr/local/texlive/2019/texmf-dist/fonts/type1/public/lm/lmmi
7.pfb></usr/local/texlive/2019/texmf-dist/fonts/type1/public/lm/lmmi8.pfb></usr
/local/texlive/2019/texmf-dist/fonts/type1/public/lm/lmr10.pfb></usr/local/texl
ive/2019/texmf-dist/fonts/type1/public/lm/lmr12.pfb></usr/local/texlive/2019/te
xmf-dist/fonts/type1/public/lm/lmr17.pfb></usr/local/texlive/2019/texmf-dist/fo
nts/type1/public/lm/lmr5.pfb></usr/local/texlive/2019/texmf-dist/fonts/type1/pu
blic/lm/lmr6.pfb></usr/local/texlive/2019/texmf-dist/fonts/type1/public/lm/lmr7
.pfb></usr/local/texlive/2019/texmf-dist/fonts/type1/public/lm/lmr8.pfb></usr/l
ocal/texlive/2019/texmf-dist/fonts/type1/public/lm/lmri10.pfb></usr/local/texli
ve/2019/texmf-dist/fonts/type1/public/lm/lmro10.pfb></usr/local/texlive/2019/te
xmf-dist/fonts/type1/public/lm/lmsy10.pfb></usr/local/texlive/2019/texmf-dist/f
onts/type1/public/lm/lmsy5.pfb></usr/local/texlive/2019/texmf-dist/fonts/type1/
public/lm/lmsy7.pfb></usr/local/texlive/2019/texmf-dist/fonts/type1/public/lm/l
mtk10.pfb></usr/local/texlive/2019/texmf-dist/fonts/type1/public/lm/lmtt10.pfb>
</usr/local/texlive/2019/texmf-dist/fonts/type1/public/lm/lmtti10.pfb></usr/loc
al/texlive/2019/texmf-dist/fonts/type1/public/amsfonts/symbols/msbm10.pfb></usr
/local/texlive/2019/texmf-dist/fonts/type1/public/amsfonts/symbols/msbm5.pfb></
usr/local/texlive/2019/texmf-dist/fonts/type1/public/amsfonts/symbols/msbm7.pfb
>
Output written on STCI.pdf (233 pages, 1800131 bytes).
PDF statistics:
 3189 PDF objects out of 3580 (max. 8388607)
 2695 compressed objects within 27 object streams
 1009 named destinations out of 1200 (max. 500000)
 16885 words of extra memory for PDF output out of 17280 (max. 10000000)

